<?xml version="1.0" encoding="UTF-8"?>
<testsuites tests="411" failures="0" disabled="0" errors="0" time="22.057" timestamp="2025-01-31T16:28:10.024" name="AllTests">
  <testsuite name="SQLInvalidDatabaseFlagsDeathTest" tests="1" failures="0" disabled="0" skipped="0" errors="0" time="0.003" timestamp="2025-01-31T16:28:10.026">
    <testcase name="ExclusiveDatabaseLock" file="../../sql/database_unittest.cc" line="1975" status="run" result="completed" time="0.003" timestamp="2025-01-31T16:28:10.026" classname="SQLInvalidDatabaseFlagsDeathTest" />
  </testsuite>
  <testsuite name="SQLEmptyPathDatabaseTest" tests="1" failures="0" disabled="0" skipped="0" errors="0" time="0.004" timestamp="2025-01-31T16:28:10.030">
    <testcase name="EmptyPathTest" file="../../sql/database_unittest.cc" line="2129" status="run" result="completed" time="0.003" timestamp="2025-01-31T16:28:10.030" classname="SQLEmptyPathDatabaseTest" />
  </testsuite>
  <testsuite name="SQLMetaTableTest" tests="11" failures="0" disabled="0" skipped="0" errors="0" time="2.848" timestamp="2025-01-31T16:28:10.035">
    <testcase name="DoesTableExist" file="../../sql/meta_table_unittest.cc" line="34" status="run" result="completed" time="0.473" timestamp="2025-01-31T16:28:10.036" classname="SQLMetaTableTest" />
    <testcase name="DeleteTableForTesting" file="../../sql/meta_table_unittest.cc" line="45" status="run" result="completed" time="0.797" timestamp="2025-01-31T16:28:10.509" classname="SQLMetaTableTest" />
    <testcase name="RazeIfIncompatiblePreservesDatabasesWithoutMetadata" file="../../sql/meta_table_unittest.cc" line="53" status="run" result="completed" time="0.036" timestamp="2025-01-31T16:28:11.307" classname="SQLMetaTableTest" />
    <testcase name="RazeIfIncompatibleRazesIncompatiblyOldTables" file="../../sql/meta_table_unittest.cc" line="64" status="run" result="completed" time="1.274" timestamp="2025-01-31T16:28:11.344" classname="SQLMetaTableTest" />
    <testcase name="RazeIfIncompatibleRazesIncompatiblyNewTables" file="../../sql/meta_table_unittest.cc" line="83" status="run" result="completed" time="0.052" timestamp="2025-01-31T16:28:12.619" classname="SQLMetaTableTest" />
    <testcase name="RazeIfIncompatibleDoesntRazeWhenItShouldnt" file="../../sql/meta_table_unittest.cc" line="102" status="run" result="completed" time="0.033" timestamp="2025-01-31T16:28:12.672" classname="SQLMetaTableTest" />
    <testcase name="VersionNumber" file="../../sql/meta_table_unittest.cc" line="135" status="run" result="completed" time="0.032" timestamp="2025-01-31T16:28:12.705" classname="SQLMetaTableTest" />
    <testcase name="StringValue" file="../../sql/meta_table_unittest.cc" line="173" status="run" result="completed" time="0.035" timestamp="2025-01-31T16:28:12.738" classname="SQLMetaTableTest" />
    <testcase name="IntValue" file="../../sql/meta_table_unittest.cc" line="214" status="run" result="completed" time="0.034" timestamp="2025-01-31T16:28:12.774" classname="SQLMetaTableTest" />
    <testcase name="Int64Value" file="../../sql/meta_table_unittest.cc" line="255" status="run" result="completed" time="0.035" timestamp="2025-01-31T16:28:12.809" classname="SQLMetaTableTest" />
    <testcase name="DeleteKey" file="../../sql/meta_table_unittest.cc" line="296" status="run" result="completed" time="0.037" timestamp="2025-01-31T16:28:12.845" classname="SQLMetaTableTest" />
  </testsuite>
  <testsuite name="RecoverModuleTest" tests="49" failures="0" disabled="0" skipped="0" errors="0" time="3.616" timestamp="2025-01-31T16:28:12.884">
    <testcase name="CreateVtable" file="../../sql/recover_module/module_unittest.cc" line="42" status="run" result="completed" time="0.02" timestamp="2025-01-31T16:28:12.884" classname="RecoverModuleTest" />
    <testcase name="CreateVtableWithDatabaseSpecifier" file="../../sql/recover_module/module_unittest.cc" line="48" status="run" result="completed" time="0.026" timestamp="2025-01-31T16:28:12.905" classname="RecoverModuleTest" />
    <testcase name="CreateVtableOnSqliteSchema" file="../../sql/recover_module/module_unittest.cc" line="54" status="run" result="completed" time="0.018" timestamp="2025-01-31T16:28:12.932" classname="RecoverModuleTest" />
    <testcase name="CreateVtableFailsOnNonTempTable" file="../../sql/recover_module/module_unittest.cc" line="62" status="run" result="completed" time="0.019" timestamp="2025-01-31T16:28:12.951" classname="RecoverModuleTest" />
    <testcase name="CreateVtableFailsOnMissingTable" file="../../sql/recover_module/module_unittest.cc" line="72" status="run" result="completed" time="0.017" timestamp="2025-01-31T16:28:12.970" classname="RecoverModuleTest" />
    <testcase name="CreateVtableFailsOnMissingDatabase" file="../../sql/recover_module/module_unittest.cc" line="83" status="run" result="completed" time="0.017" timestamp="2025-01-31T16:28:12.988" classname="RecoverModuleTest" />
    <testcase name="CreateVtableFailsOnTableWithInvalidQualifier" file="../../sql/recover_module/module_unittest.cc" line="94" status="run" result="completed" time="0.019" timestamp="2025-01-31T16:28:13.007" classname="RecoverModuleTest" />
    <testcase name="CreateVtableFailsOnMissingTableName" file="../../sql/recover_module/module_unittest.cc" line="105" status="run" result="completed" time="0.016" timestamp="2025-01-31T16:28:13.027" classname="RecoverModuleTest" />
    <testcase name="CreateVtableFailsOnMissingSchemaSpec" file="../../sql/recover_module/module_unittest.cc" line="116" status="run" result="completed" time="0.018" timestamp="2025-01-31T16:28:13.044" classname="RecoverModuleTest" />
    <testcase name="CreateVtableFailsOnMissingDbName" file="../../sql/recover_module/module_unittest.cc" line="127" status="run" result="completed" time="0.016" timestamp="2025-01-31T16:28:13.063" classname="RecoverModuleTest" />
    <testcase name="ColumnTypeMappingAny" file="../../sql/recover_module/module_unittest.cc" line="139" status="run" result="completed" time="0.017" timestamp="2025-01-31T16:28:13.080" classname="RecoverModuleTest" />
    <testcase name="ColumnTypeMappingAnyNotNull" file="../../sql/recover_module/module_unittest.cc" line="153" status="run" result="completed" time="0.019" timestamp="2025-01-31T16:28:13.097" classname="RecoverModuleTest" />
    <testcase name="ColumnTypeMappingAnyStrict" file="../../sql/recover_module/module_unittest.cc" line="167" status="run" result="completed" time="0.017" timestamp="2025-01-31T16:28:13.117" classname="RecoverModuleTest" />
    <testcase name="ColumnTypeExtraKeyword" file="../../sql/recover_module/module_unittest.cc" line="179" status="run" result="completed" time="0.016" timestamp="2025-01-31T16:28:13.135" classname="RecoverModuleTest" />
    <testcase name="ColumnTypeNotNullExtraKeyword" file="../../sql/recover_module/module_unittest.cc" line="190" status="run" result="completed" time="0.017" timestamp="2025-01-31T16:28:13.152" classname="RecoverModuleTest" />
    <testcase name="ColumnTypeDoubleTypes" file="../../sql/recover_module/module_unittest.cc" line="201" status="run" result="completed" time="0.016" timestamp="2025-01-31T16:28:13.170" classname="RecoverModuleTest" />
    <testcase name="ColumnTypeNotNullDoubleTypes" file="../../sql/recover_module/module_unittest.cc" line="212" status="run" result="completed" time="0.016" timestamp="2025-01-31T16:28:13.186" classname="RecoverModuleTest" />
    <testcase name="ReadFromAlteredTableNullDefaults" file="../../sql/recover_module/module_unittest.cc" line="322" status="run" result="completed" time="0.058" timestamp="2025-01-31T16:28:13.203" classname="RecoverModuleTest" />
    <testcase name="ReadFromAlteredTableSkipsNulls" file="../../sql/recover_module/module_unittest.cc" line="346" status="run" result="completed" time="0.047" timestamp="2025-01-31T16:28:13.262" classname="RecoverModuleTest" />
    <testcase name="LeafNodes" file="../../sql/recover_module/module_unittest.cc" line="383" status="run" result="completed" time="0.026" timestamp="2025-01-31T16:28:13.310" classname="RecoverModuleTest" />
    <testcase name="EmptyTable" file="../../sql/recover_module/module_unittest.cc" line="400" status="run" result="completed" time="0.019" timestamp="2025-01-31T16:28:13.337" classname="RecoverModuleTest" />
    <testcase name="SingleLevelInteriorNodes" file="../../sql/recover_module/module_unittest.cc" line="410" status="run" result="completed" time="0.033" timestamp="2025-01-31T16:28:13.357" classname="RecoverModuleTest" />
    <testcase name="MultiLevelInteriorNodes" file="../../sql/recover_module/module_unittest.cc" line="428" status="run" result="completed" time="0.512" timestamp="2025-01-31T16:28:13.390" classname="RecoverModuleTest" />
    <testcase name="Any" file="../../sql/recover_module/module_unittest.cc" line="461" status="run" result="completed" time="0.053" timestamp="2025-01-31T16:28:13.903" classname="RecoverModuleTest" />
    <testcase name="Integers" file="../../sql/recover_module/module_unittest.cc" line="499" status="run" result="completed" time="0.048" timestamp="2025-01-31T16:28:13.956" classname="RecoverModuleTest" />
    <testcase name="NonNullIntegers" file="../../sql/recover_module/module_unittest.cc" line="520" status="run" result="completed" time="0.048" timestamp="2025-01-31T16:28:14.005" classname="RecoverModuleTest" />
    <testcase name="Floats" file="../../sql/recover_module/module_unittest.cc" line="537" status="run" result="completed" time="0.046" timestamp="2025-01-31T16:28:14.055" classname="RecoverModuleTest" />
    <testcase name="NonNullFloats" file="../../sql/recover_module/module_unittest.cc" line="563" status="run" result="completed" time="0.049" timestamp="2025-01-31T16:28:14.102" classname="RecoverModuleTest" />
    <testcase name="FloatsStrict" file="../../sql/recover_module/module_unittest.cc" line="585" status="run" result="completed" time="0.045" timestamp="2025-01-31T16:28:14.152" classname="RecoverModuleTest" />
    <testcase name="NonNullFloatsStrict" file="../../sql/recover_module/module_unittest.cc" line="606" status="run" result="completed" time="0.047" timestamp="2025-01-31T16:28:14.198" classname="RecoverModuleTest" />
    <testcase name="Texts" file="../../sql/recover_module/module_unittest.cc" line="623" status="run" result="completed" time="0.054" timestamp="2025-01-31T16:28:14.245" classname="RecoverModuleTest" />
    <testcase name="NonNullTexts" file="../../sql/recover_module/module_unittest.cc" line="651" status="run" result="completed" time="0.053" timestamp="2025-01-31T16:28:14.300" classname="RecoverModuleTest" />
    <testcase name="TextsStrict" file="../../sql/recover_module/module_unittest.cc" line="675" status="run" result="completed" time="0.054" timestamp="2025-01-31T16:28:14.354" classname="RecoverModuleTest" />
    <testcase name="NonNullTextsStrict" file="../../sql/recover_module/module_unittest.cc" line="696" status="run" result="completed" time="0.06" timestamp="2025-01-31T16:28:14.409" classname="RecoverModuleTest" />
    <testcase name="Blobs" file="../../sql/recover_module/module_unittest.cc" line="713" status="run" result="completed" time="0.05" timestamp="2025-01-31T16:28:14.470" classname="RecoverModuleTest" />
    <testcase name="NonNullBlobs" file="../../sql/recover_module/module_unittest.cc" line="736" status="run" result="completed" time="0.055" timestamp="2025-01-31T16:28:14.521" classname="RecoverModuleTest" />
    <testcase name="AnyNonNull" file="../../sql/recover_module/module_unittest.cc" line="755" status="run" result="completed" time="0.058" timestamp="2025-01-31T16:28:14.577" classname="RecoverModuleTest" />
    <testcase name="RowidAlias" file="../../sql/recover_module/module_unittest.cc" line="789" status="run" result="completed" time="0.073" timestamp="2025-01-31T16:28:14.637" classname="RecoverModuleTest" />
    <testcase name="IntegerEncodings" file="../../sql/recover_module/module_unittest.cc" line="836" status="run" result="completed" time="0.195" timestamp="2025-01-31T16:28:14.711" classname="RecoverModuleTest" />
    <testcase name="VarintEncodings" file="../../sql/recover_module/module_unittest.cc" line="895" status="run" result="completed" time="1.143" timestamp="2025-01-31T16:28:14.906" classname="RecoverModuleTest" />
    <testcase name="TextEncodings" file="../../sql/recover_module/module_unittest.cc" line="951" status="run" result="completed" time="0.083" timestamp="2025-01-31T16:28:16.050" classname="RecoverModuleTest" />
    <testcase name="BlobEncodings" file="../../sql/recover_module/module_unittest.cc" line="980" status="run" result="completed" time="0.086" timestamp="2025-01-31T16:28:16.134" classname="RecoverModuleTest" />
    <testcase name="ValueWithoutOverflow" file="../../sql/recover_module/module_unittest.cc" line="1067" status="run" result="completed" time="0.034" timestamp="2025-01-31T16:28:16.221" classname="RecoverModuleTest" />
    <testcase name="ValueWithOneByteOverflow" file="../../sql/recover_module/module_unittest.cc" line="1074" status="run" result="completed" time="0.04" timestamp="2025-01-31T16:28:16.256" classname="RecoverModuleTest" />
    <testcase name="ValueWithOneOverflowPage" file="../../sql/recover_module/module_unittest.cc" line="1081" status="run" result="completed" time="0.038" timestamp="2025-01-31T16:28:16.297" classname="RecoverModuleTest" />
    <testcase name="ValueWithOneFullOverflowPage" file="../../sql/recover_module/module_unittest.cc" line="1089" status="run" result="completed" time="0.039" timestamp="2025-01-31T16:28:16.336" classname="RecoverModuleTest" />
    <testcase name="ValueWithOneByteSecondOverflowPage" file="../../sql/recover_module/module_unittest.cc" line="1097" status="run" result="completed" time="0.046" timestamp="2025-01-31T16:28:16.375" classname="RecoverModuleTest" />
    <testcase name="ValueWithTwoOverflowPages" file="../../sql/recover_module/module_unittest.cc" line="1105" status="run" result="completed" time="0.037" timestamp="2025-01-31T16:28:16.422" classname="RecoverModuleTest" />
    <testcase name="ValueWithTwoFullOverflowPages" file="../../sql/recover_module/module_unittest.cc" line="1114" status="run" result="completed" time="0.04" timestamp="2025-01-31T16:28:16.460" classname="RecoverModuleTest" />
  </testsuite>
  <testsuite name="SQLRecoveryTest" tests="19" failures="0" disabled="0" skipped="0" errors="0" time="4.058" timestamp="2025-01-31T16:28:16.501">
    <testcase name="RecoverBasic" file="../../sql/recovery_unittest.cc" line="78" status="run" result="completed" time="1.449" timestamp="2025-01-31T16:28:16.501" classname="SQLRecoveryTest" />
    <testcase name="VirtualTable" file="../../sql/recovery_unittest.cc" line="181" status="run" result="completed" time="0.046" timestamp="2025-01-31T16:28:17.951" classname="SQLRecoveryTest" />
    <testcase name="TableIndependentFromCorruptIndex" file="../../sql/recovery_unittest.cc" line="224" status="run" result="completed" time="0.064" timestamp="2025-01-31T16:28:17.998" classname="SQLRecoveryTest" />
    <testcase name="RecoverCorruptIndex" file="../../sql/recovery_unittest.cc" line="266" status="run" result="completed" time="0.083" timestamp="2025-01-31T16:28:18.062" classname="SQLRecoveryTest" />
    <testcase name="RecoverCorruptTable" file="../../sql/recovery_unittest.cc" line="330" status="run" result="completed" time="0.081" timestamp="2025-01-31T16:28:18.147" classname="SQLRecoveryTest" />
    <testcase name="Meta" file="../../sql/recovery_unittest.cc" line="424" status="run" result="completed" time="0.049" timestamp="2025-01-31T16:28:18.228" classname="SQLRecoveryTest" />
    <testcase name="AutoRecoverTable" file="../../sql/recovery_unittest.cc" line="471" status="run" result="completed" time="0.064" timestamp="2025-01-31T16:28:18.277" classname="SQLRecoveryTest" />
    <testcase name="AutoRecoverTableWithDefault" file="../../sql/recovery_unittest.cc" line="532" status="run" result="completed" time="1.293" timestamp="2025-01-31T16:28:18.342" classname="SQLRecoveryTest" />
    <testcase name="AutoRecoverTableNullFilter" file="../../sql/recovery_unittest.cc" line="597" status="run" result="completed" time="0.064" timestamp="2025-01-31T16:28:19.636" classname="SQLRecoveryTest" />
    <testcase name="AutoRecoverTableWithRowid" file="../../sql/recovery_unittest.cc" line="632" status="run" result="completed" time="0.054" timestamp="2025-01-31T16:28:19.700" classname="SQLRecoveryTest" />
    <testcase name="AutoRecoverTableWithCompoundKey" file="../../sql/recovery_unittest.cc" line="670" status="run" result="completed" time="0.07" timestamp="2025-01-31T16:28:19.755" classname="SQLRecoveryTest" />
    <testcase name="AutoRecoverTableMissingColumns" file="../../sql/recovery_unittest.cc" line="715" status="run" result="completed" time="0.059" timestamp="2025-01-31T16:28:19.826" classname="SQLRecoveryTest" />
    <testcase name="NoMmap" file="../../sql/recovery_unittest.cc" line="792" status="run" result="completed" time="0.021" timestamp="2025-01-31T16:28:19.886" classname="SQLRecoveryTest" />
    <testcase name="RecoverDatabase" file="../../sql/recovery_unittest.cc" line="802" status="run" result="completed" time="0.132" timestamp="2025-01-31T16:28:19.907" classname="SQLRecoveryTest" />
    <testcase name="RecoverDatabaseWithView" file="../../sql/recovery_unittest.cc" line="850" status="run" result="completed" time="0.112" timestamp="2025-01-31T16:28:20.040" classname="SQLRecoveryTest" />
    <testcase name="RecoverDatabaseDelete" file="../../sql/recovery_unittest.cc" line="897" status="run" result="completed" time="0.042" timestamp="2025-01-31T16:28:20.152" classname="SQLRecoveryTest" />
    <testcase name="BeginRecoverDatabase" file="../../sql/recovery_unittest.cc" line="926" status="run" result="completed" time="0.092" timestamp="2025-01-31T16:28:20.195" classname="SQLRecoveryTest" />
    <testcase name="AttachFailure" file="../../sql/recovery_unittest.cc" line="979" status="run" result="completed" time="0.025" timestamp="2025-01-31T16:28:20.288" classname="SQLRecoveryTest" />
    <testcase name="PageSize" file="../../sql/recovery_unittest.cc" line="1050" status="run" result="completed" time="0.245" timestamp="2025-01-31T16:28:20.314" classname="SQLRecoveryTest" />
  </testsuite>
  <testsuite name="SQLMemoryDumpProviderTest" tests="1" failures="0" disabled="0" skipped="0" errors="0" time="0.018" timestamp="2025-01-31T16:28:20.561">
    <testcase name="OnMemoryDump" file="../../sql/sql_memory_dump_provider_unittest.cc" line="34" status="run" result="completed" time="0.018" timestamp="2025-01-31T16:28:20.561" classname="SQLMemoryDumpProviderTest" />
  </testsuite>
  <testsuite name="SQLiteFeaturesTest" tests="18" failures="0" disabled="0" skipped="0" errors="0" time="0.931" timestamp="2025-01-31T16:28:20.580">
    <testcase name="NoFTS1" file="../../sql/sqlite_features_unittest.cc" line="66" status="run" result="completed" time="0.012" timestamp="2025-01-31T16:28:20.581" classname="SQLiteFeaturesTest" />
    <testcase name="NoFTS2" file="../../sql/sqlite_features_unittest.cc" line="75" status="run" result="completed" time="0.011" timestamp="2025-01-31T16:28:20.594" classname="SQLiteFeaturesTest" />
    <testcase name="FTS3" file="../../sql/sqlite_features_unittest.cc" line="83" status="run" result="completed" time="0.021" timestamp="2025-01-31T16:28:20.606" classname="SQLiteFeaturesTest" />
    <testcase name="FTS3_Prefix" file="../../sql/sqlite_features_unittest.cc" line="90" status="run" result="completed" time="0.033" timestamp="2025-01-31T16:28:20.627" classname="SQLiteFeaturesTest" />
    <testcase name="UsesUsleep" file="../../sql/sqlite_features_unittest.cc" line="108" status="run" result="completed" time="0.005" timestamp="2025-01-31T16:28:20.661" classname="SQLiteFeaturesTest" />
    <testcase name="ForeignKeySupport" file="../../sql/sqlite_features_unittest.cc" line="121" status="run" result="completed" time="0.063" timestamp="2025-01-31T16:28:20.667" classname="SQLiteFeaturesTest" />
    <testcase name="BooleanSupport" file="../../sql/sqlite_features_unittest.cc" line="156" status="run" result="completed" time="0.037" timestamp="2025-01-31T16:28:20.730" classname="SQLiteFeaturesTest" />
    <testcase name="IcuEnabled" file="../../sql/sqlite_features_unittest.cc" line="180" status="run" result="completed" time="0.004" timestamp="2025-01-31T16:28:20.768" classname="SQLiteFeaturesTest" />
    <testcase name="Mmap" file="../../sql/sqlite_features_unittest.cc" line="196" status="run" result="completed" time="0.004" timestamp="2025-01-31T16:28:20.773" classname="SQLiteFeaturesTest" />
    <testcase name="CachedRegexp" file="../../sql/sqlite_features_unittest.cc" line="265" status="run" result="completed" time="0.069" timestamp="2025-01-31T16:28:20.778" classname="SQLiteFeaturesTest" />
    <testcase name="JsonIsDisabled" file="../../sql/sqlite_features_unittest.cc" line="295" status="run" result="completed" time="0.024" timestamp="2025-01-31T16:28:20.847" classname="SQLiteFeaturesTest" />
    <testcase name="WindowFunctionsAreDisabled" file="../../sql/sqlite_features_unittest.cc" line="309" status="run" result="completed" time="0.04" timestamp="2025-01-31T16:28:20.872" classname="SQLiteFeaturesTest" />
    <testcase name="ConcurrentSelects" file="../../sql/sqlite_features_unittest.cc" line="333" status="run" result="completed" time="0.049" timestamp="2025-01-31T16:28:20.913" classname="SQLiteFeaturesTest" />
    <testcase name="DeleteCurrentlySelectedRow" file="../../sql/sqlite_features_unittest.cc" line="390" status="run" result="completed" time="0.093" timestamp="2025-01-31T16:28:20.963" classname="SQLiteFeaturesTest" />
    <testcase name="DeletePreviouslySelectedRows" file="../../sql/sqlite_features_unittest.cc" line="442" status="run" result="completed" time="0.096" timestamp="2025-01-31T16:28:21.057" classname="SQLiteFeaturesTest" />
    <testcase name="DeleteWhileSelectingFromDifferentTable" file="../../sql/sqlite_features_unittest.cc" line="501" status="run" result="completed" time="0.18" timestamp="2025-01-31T16:28:21.153" classname="SQLiteFeaturesTest" />
    <testcase name="InsertWhileSelectingFromDifferentTable" file="../../sql/sqlite_features_unittest.cc" line="569" status="run" result="completed" time="0.108" timestamp="2025-01-31T16:28:21.334" classname="SQLiteFeaturesTest" />
    <testcase name="WALNoClose" file="../../sql/sqlite_features_unittest.cc" line="653" status="run" result="completed" time="0.068" timestamp="2025-01-31T16:28:21.443" classname="SQLiteFeaturesTest" />
  </testsuite>
  <testsuite name="SqliteResultCodeTest" tests="30" failures="0" disabled="0" skipped="0" errors="0" time="0.049" timestamp="2025-01-31T16:28:21.513">
    <testcase name="ToSqliteResultCode_Success" file="../../sql/sqlite_result_code_unittest.cc" line="17" status="run" result="completed" time="0.001" timestamp="2025-01-31T16:28:21.513" classname="SqliteResultCodeTest" />
    <testcase name="ToSqliteResultCode_PrimaryErrorCodes" file="../../sql/sqlite_result_code_unittest.cc" line="23" status="run" result="completed" time="0.001" timestamp="2025-01-31T16:28:21.516" classname="SqliteResultCodeTest" />
    <testcase name="ToSqliteResultCode_ExtendedErrorCodes" file="../../sql/sqlite_result_code_unittest.cc" line="30" status="run" result="completed" time="0.001" timestamp="2025-01-31T16:28:21.518" classname="SqliteResultCodeTest" />
    <testcase name="ToSqliteResultCode_MissingLowValue" file="../../sql/sqlite_result_code_unittest.cc" line="39" status="run" result="completed" time="0.001" timestamp="2025-01-31T16:28:21.520" classname="SqliteResultCodeTest" />
    <testcase name="ToSqliteResultCode_MissingHighValue" file="../../sql/sqlite_result_code_unittest.cc" line="44" status="run" result="completed" time="0.001" timestamp="2025-01-31T16:28:21.522" classname="SqliteResultCodeTest" />
    <testcase name="ToSqliteResultCode_SqliteInternalError" file="../../sql/sqlite_result_code_unittest.cc" line="49" status="run" result="completed" time="0.002" timestamp="2025-01-31T16:28:21.524" classname="SqliteResultCodeTest" />
    <testcase name="ToSqliteResultCode_ChromeBugError" file="../../sql/sqlite_result_code_unittest.cc" line="58" status="run" result="completed" time="0.001" timestamp="2025-01-31T16:28:21.526" classname="SqliteResultCodeTest" />
    <testcase name="ToSqliteErrorCode_Success_Ok" file="../../sql/sqlite_result_code_unittest.cc" line="68" status="run" result="completed" time="0.001" timestamp="2025-01-31T16:28:21.528" classname="SqliteResultCodeTest" />
    <testcase name="ToSqliteErrorCode_Success_Done" file="../../sql/sqlite_result_code_unittest.cc" line="74" status="run" result="completed" time="0.001" timestamp="2025-01-31T16:28:21.529" classname="SqliteResultCodeTest" />
    <testcase name="ToSqliteErrorCode_Success_Row" file="../../sql/sqlite_result_code_unittest.cc" line="80" status="run" result="completed" time="0.001" timestamp="2025-01-31T16:28:21.531" classname="SqliteResultCodeTest" />
    <testcase name="ToSqliteErrorCode_PrimaryErrorCodes" file="../../sql/sqlite_result_code_unittest.cc" line="86" status="run" result="completed" time="0.001" timestamp="2025-01-31T16:28:21.532" classname="SqliteResultCodeTest" />
    <testcase name="ToSqliteErrorCode_ExtendedErrorCodes" file="../../sql/sqlite_result_code_unittest.cc" line="94" status="run" result="completed" time="0.001" timestamp="2025-01-31T16:28:21.534" classname="SqliteResultCodeTest" />
    <testcase name="ToSqliteErrorCode_SqliteInternalError" file="../../sql/sqlite_result_code_unittest.cc" line="105" status="run" result="completed" time="0.001" timestamp="2025-01-31T16:28:21.535" classname="SqliteResultCodeTest" />
    <testcase name="ToSqliteErrorCode_ChromeBugError" file="../../sql/sqlite_result_code_unittest.cc" line="115" status="run" result="completed" time="0.001" timestamp="2025-01-31T16:28:21.537" classname="SqliteResultCodeTest" />
    <testcase name="ToSqliteErrorCode_Success" file="../../sql/sqlite_result_code_unittest.cc" line="126" status="run" result="completed" time="0.001" timestamp="2025-01-31T16:28:21.538" classname="SqliteResultCodeTest" />
    <testcase name="IsSqliteSuccessCode_PrimaryErrorCodes" file="../../sql/sqlite_result_code_unittest.cc" line="132" status="run" result="completed" time="0.001" timestamp="2025-01-31T16:28:21.540" classname="SqliteResultCodeTest" />
    <testcase name="IsSqliteSuccessCode_ExtendedErrorCodes" file="../../sql/sqlite_result_code_unittest.cc" line="138" status="run" result="completed" time="0.001" timestamp="2025-01-31T16:28:21.541" classname="SqliteResultCodeTest" />
    <testcase name="IsSqliteSuccessCode_SqliteInternalError" file="../../sql/sqlite_result_code_unittest.cc" line="145" status="run" result="completed" time="0.001" timestamp="2025-01-31T16:28:21.543" classname="SqliteResultCodeTest" />
    <testcase name="IsSqliteSuccessCode_ChromeBugError" file="../../sql/sqlite_result_code_unittest.cc" line="154" status="run" result="completed" time="0.001" timestamp="2025-01-31T16:28:21.544" classname="SqliteResultCodeTest" />
    <testcase name="ToSqliteLoggedResultCode_Success" file="../../sql/sqlite_result_code_unittest.cc" line="164" status="run" result="completed" time="0.001" timestamp="2025-01-31T16:28:21.546" classname="SqliteResultCodeTest" />
    <testcase name="ToSqliteLoggedResultCode_PrimaryErrorCodes" file="../../sql/sqlite_result_code_unittest.cc" line="173" status="run" result="completed" time="0.001" timestamp="2025-01-31T16:28:21.548" classname="SqliteResultCodeTest" />
    <testcase name="ToSqliteLoggedResultCode_ExtendedErrorCodes" file="../../sql/sqlite_result_code_unittest.cc" line="182" status="run" result="completed" time="0.001" timestamp="2025-01-31T16:28:21.549" classname="SqliteResultCodeTest" />
    <testcase name="ToSqliteLoggedResultCode_MissingLowValue" file="../../sql/sqlite_result_code_unittest.cc" line="193" status="run" result="completed" time="0.001" timestamp="2025-01-31T16:28:21.550" classname="SqliteResultCodeTest" />
    <testcase name="ToSqliteLoggedResultCode_MissingHighValue" file="../../sql/sqlite_result_code_unittest.cc" line="203" status="run" result="completed" time="0.001" timestamp="2025-01-31T16:28:21.552" classname="SqliteResultCodeTest" />
    <testcase name="ToSqliteLoggedResultCode_SqliteInternalError" file="../../sql/sqlite_result_code_unittest.cc" line="213" status="run" result="completed" time="0.001" timestamp="2025-01-31T16:28:21.553" classname="SqliteResultCodeTest" />
    <testcase name="ToSqliteLoggedResultCode_ChromeBugError" file="../../sql/sqlite_result_code_unittest.cc" line="223" status="run" result="completed" time="0.001" timestamp="2025-01-31T16:28:21.555" classname="SqliteResultCodeTest" />
    <testcase name="UmaHistogramSqliteResult_Success" file="../../sql/sqlite_result_code_unittest.cc" line="234" status="run" result="completed" time="0.001" timestamp="2025-01-31T16:28:21.556" classname="SqliteResultCodeTest" />
    <testcase name="UmaHistogramSqliteResult_PrimaryErrorCode" file="../../sql/sqlite_result_code_unittest.cc" line="242" status="run" result="completed" time="0.001" timestamp="2025-01-31T16:28:21.558" classname="SqliteResultCodeTest" />
    <testcase name="UmaHistogramSqliteResult_ExtendedErrorCode" file="../../sql/sqlite_result_code_unittest.cc" line="250" status="run" result="completed" time="0.001" timestamp="2025-01-31T16:28:21.559" classname="SqliteResultCodeTest" />
    <testcase name="CheckMapping" file="../../sql/sqlite_result_code_unittest.cc" line="258" status="run" result="completed" time="0.001" timestamp="2025-01-31T16:28:21.561" classname="SqliteResultCodeTest" />
  </testsuite>
  <testsuite name="SqlStatementIdTest" tests="3" failures="0" disabled="0" skipped="0" errors="0" time="0.003" timestamp="2025-01-31T16:28:21.562">
    <testcase name="LessThan" file="../../sql/statement_id_unittest.cc" line="27" status="run" result="completed" time="0.001" timestamp="2025-01-31T16:28:21.563" classname="SqlStatementIdTest" />
    <testcase name="CopyConstructor" file="../../sql/statement_id_unittest.cc" line="41" status="run" result="completed" time="0.001" timestamp="2025-01-31T16:28:21.564" classname="SqlStatementIdTest" />
    <testcase name="CopyAssignment" file="../../sql/statement_id_unittest.cc" line="51" status="run" result="completed" time="0.001" timestamp="2025-01-31T16:28:21.565" classname="SqlStatementIdTest" />
  </testsuite>
  <testsuite name="StatementTest" tests="12" failures="0" disabled="0" skipped="0" errors="0" time="0.666" timestamp="2025-01-31T16:28:21.567">
    <testcase name="Assign" file="../../sql/statement_unittest.cc" line="37" status="run" result="completed" time="0.004" timestamp="2025-01-31T16:28:21.567" classname="StatementTest" />
    <testcase name="Run" file="../../sql/statement_unittest.cc" line="46" status="run" result="completed" time="0.022" timestamp="2025-01-31T16:28:21.572" classname="StatementTest" />
    <testcase name="DatabaseErrorCallbackCalledOnError" file="../../sql/statement_unittest.cc" line="79" status="run" result="completed" time="0.013" timestamp="2025-01-31T16:28:21.595" classname="StatementTest" />
    <testcase name="ScopedIgnoreError" file="../../sql/statement_unittest.cc" line="108" status="run" result="completed" time="0.015" timestamp="2025-01-31T16:28:21.609" classname="StatementTest" />
    <testcase name="Reset" file="../../sql/statement_unittest.cc" line="124" status="run" result="completed" time="0.032" timestamp="2025-01-31T16:28:21.625" classname="StatementTest" />
    <testcase name="BindInt64" file="../../sql/statement_unittest.cc" line="146" status="run" result="completed" time="0.14" timestamp="2025-01-31T16:28:21.657" classname="StatementTest" />
    <testcase name="BindInt64_FromUint64t" file="../../sql/statement_unittest.cc" line="193" status="run" result="completed" time="0.114" timestamp="2025-01-31T16:28:21.798" classname="StatementTest" />
    <testcase name="BindBlob" file="../../sql/statement_unittest.cc" line="232" status="run" result="completed" time="0.051" timestamp="2025-01-31T16:28:21.913" classname="StatementTest" />
    <testcase name="BindBlob_String16Overload" file="../../sql/statement_unittest.cc" line="261" status="run" result="completed" time="0.117" timestamp="2025-01-31T16:28:21.965" classname="StatementTest" />
    <testcase name="BindString" file="../../sql/statement_unittest.cc" line="294" status="run" result="completed" time="0.094" timestamp="2025-01-31T16:28:22.084" classname="StatementTest" />
    <testcase name="BindString_NullData" file="../../sql/statement_unittest.cc" line="326" status="run" result="completed" time="0.026" timestamp="2025-01-31T16:28:22.178" classname="StatementTest" />
    <testcase name="GetSQLStatementExcludesBoundValues" file="../../sql/statement_unittest.cc" line="343" status="run" result="completed" time="0.028" timestamp="2025-01-31T16:28:22.205" classname="StatementTest" />
  </testsuite>
  <testsuite name="SQLTransactionTest" tests="4" failures="0" disabled="0" skipped="0" errors="0" time="0.094" timestamp="2025-01-31T16:28:22.234">
    <testcase name="Commit" file="../../sql/transaction_unittest.cc" line="42" status="run" result="completed" time="0.027" timestamp="2025-01-31T16:28:22.234" classname="SQLTransactionTest" />
    <testcase name="RollbackOnDestruction" file="../../sql/transaction_unittest.cc" line="64" status="run" result="completed" time="0.02" timestamp="2025-01-31T16:28:22.262" classname="SQLTransactionTest" />
    <testcase name="ExplicitRollback" file="../../sql/transaction_unittest.cc" line="84" status="run" result="completed" time="0.022" timestamp="2025-01-31T16:28:22.282" classname="SQLTransactionTest" />
    <testcase name="NestedRollback" file="../../sql/transaction_unittest.cc" line="110" status="run" result="completed" time="0.023" timestamp="2025-01-31T16:28:22.305" classname="SQLTransactionTest" />
  </testsuite>
  <testsuite name="DatabaseOptionsTest" tests="56" failures="0" disabled="0" skipped="0" errors="0" time="0.861" timestamp="2025-01-31T16:28:22.330">
    <testcase name="FlushToDisk_FalseByDefault/0" value_param="4-byte object &lt;01-00 00-00&gt;" file="../../sql/database_options_unittest.cc" line="92" status="run" result="completed" time="0.006" timestamp="2025-01-31T16:28:22.330" classname="DatabaseOptionsTest" />
    <testcase name="FlushToDisk_FalseByDefault/1" value_param="4-byte object &lt;02-00 00-00&gt;" file="../../sql/database_options_unittest.cc" line="92" status="run" result="completed" time="0.005" timestamp="2025-01-31T16:28:22.337" classname="DatabaseOptionsTest" />
    <testcase name="FlushToDisk_FalseByDefault/2" value_param="4-byte object &lt;03-00 00-00&gt;" file="../../sql/database_options_unittest.cc" line="92" status="run" result="completed" time="0.004" timestamp="2025-01-31T16:28:22.342" classname="DatabaseOptionsTest" />
    <testcase name="FlushToDisk_FalseByDefault/3" value_param="4-byte object &lt;04-00 00-00&gt;" file="../../sql/database_options_unittest.cc" line="92" status="run" result="completed" time="0.017" timestamp="2025-01-31T16:28:22.347" classname="DatabaseOptionsTest" />
    <testcase name="FlushToDisk_True/0" value_param="4-byte object &lt;01-00 00-00&gt;" file="../../sql/database_options_unittest.cc" line="105" status="run" result="completed" time="0.003" timestamp="2025-01-31T16:28:22.365" classname="DatabaseOptionsTest" />
    <testcase name="FlushToDisk_True/1" value_param="4-byte object &lt;02-00 00-00&gt;" file="../../sql/database_options_unittest.cc" line="105" status="run" result="completed" time="0.004" timestamp="2025-01-31T16:28:22.369" classname="DatabaseOptionsTest" />
    <testcase name="FlushToDisk_True/2" value_param="4-byte object &lt;03-00 00-00&gt;" file="../../sql/database_options_unittest.cc" line="105" status="run" result="completed" time="0.004" timestamp="2025-01-31T16:28:22.374" classname="DatabaseOptionsTest" />
    <testcase name="FlushToDisk_True/3" value_param="4-byte object &lt;04-00 00-00&gt;" file="../../sql/database_options_unittest.cc" line="105" status="run" result="completed" time="0.015" timestamp="2025-01-31T16:28:22.379" classname="DatabaseOptionsTest" />
    <testcase name="FlushToDisk_False_DoesNotCrash/0" value_param="4-byte object &lt;01-00 00-00&gt;" file="../../sql/database_options_unittest.cc" line="116" status="run" result="completed" time="0.004" timestamp="2025-01-31T16:28:22.395" classname="DatabaseOptionsTest" />
    <testcase name="FlushToDisk_False_DoesNotCrash/1" value_param="4-byte object &lt;02-00 00-00&gt;" file="../../sql/database_options_unittest.cc" line="116" status="run" result="completed" time="0.02" timestamp="2025-01-31T16:28:22.400" classname="DatabaseOptionsTest" />
    <testcase name="FlushToDisk_False_DoesNotCrash/2" value_param="4-byte object &lt;03-00 00-00&gt;" file="../../sql/database_options_unittest.cc" line="116" status="run" result="completed" time="0.029" timestamp="2025-01-31T16:28:22.420" classname="DatabaseOptionsTest" />
    <testcase name="FlushToDisk_False_DoesNotCrash/3" value_param="4-byte object &lt;04-00 00-00&gt;" file="../../sql/database_options_unittest.cc" line="116" status="run" result="completed" time="0.024" timestamp="2025-01-31T16:28:22.450" classname="DatabaseOptionsTest" />
    <testcase name="FlushToDisk_True_DoesNotCrash/0" value_param="4-byte object &lt;01-00 00-00&gt;" file="../../sql/database_options_unittest.cc" line="129" status="run" result="completed" time="0.004" timestamp="2025-01-31T16:28:22.475" classname="DatabaseOptionsTest" />
    <testcase name="FlushToDisk_True_DoesNotCrash/1" value_param="4-byte object &lt;02-00 00-00&gt;" file="../../sql/database_options_unittest.cc" line="129" status="run" result="completed" time="0.018" timestamp="2025-01-31T16:28:22.480" classname="DatabaseOptionsTest" />
    <testcase name="FlushToDisk_True_DoesNotCrash/2" value_param="4-byte object &lt;03-00 00-00&gt;" file="../../sql/database_options_unittest.cc" line="129" status="run" result="completed" time="0.02" timestamp="2025-01-31T16:28:22.499" classname="DatabaseOptionsTest" />
    <testcase name="FlushToDisk_True_DoesNotCrash/3" value_param="4-byte object &lt;04-00 00-00&gt;" file="../../sql/database_options_unittest.cc" line="129" status="run" result="completed" time="0.023" timestamp="2025-01-31T16:28:22.519" classname="DatabaseOptionsTest" />
    <testcase name="PageSize_Default/0" value_param="4-byte object &lt;01-00 00-00&gt;" file="../../sql/database_options_unittest.cc" line="142" status="run" result="completed" time="0.004" timestamp="2025-01-31T16:28:22.543" classname="DatabaseOptionsTest" />
    <testcase name="PageSize_Default/1" value_param="4-byte object &lt;02-00 00-00&gt;" file="../../sql/database_options_unittest.cc" line="142" status="run" result="completed" time="0.02" timestamp="2025-01-31T16:28:22.548" classname="DatabaseOptionsTest" />
    <testcase name="PageSize_Default/2" value_param="4-byte object &lt;03-00 00-00&gt;" file="../../sql/database_options_unittest.cc" line="142" status="run" result="completed" time="0.018" timestamp="2025-01-31T16:28:22.568" classname="DatabaseOptionsTest" />
    <testcase name="PageSize_Default/3" value_param="4-byte object &lt;04-00 00-00&gt;" file="../../sql/database_options_unittest.cc" line="142" status="run" result="completed" time="0.027" timestamp="2025-01-31T16:28:22.588" classname="DatabaseOptionsTest" />
    <testcase name="PageSize_Large/0" value_param="4-byte object &lt;01-00 00-00&gt;" file="../../sql/database_options_unittest.cc" line="161" status="run" result="completed" time="0.004" timestamp="2025-01-31T16:28:22.615" classname="DatabaseOptionsTest" />
    <testcase name="PageSize_Large/1" value_param="4-byte object &lt;02-00 00-00&gt;" file="../../sql/database_options_unittest.cc" line="161" status="run" result="completed" time="0.026" timestamp="2025-01-31T16:28:22.620" classname="DatabaseOptionsTest" />
    <testcase name="PageSize_Large/2" value_param="4-byte object &lt;03-00 00-00&gt;" file="../../sql/database_options_unittest.cc" line="161" status="run" result="completed" time="0.026" timestamp="2025-01-31T16:28:22.647" classname="DatabaseOptionsTest" />
    <testcase name="PageSize_Large/3" value_param="4-byte object &lt;04-00 00-00&gt;" file="../../sql/database_options_unittest.cc" line="161" status="run" result="completed" time="0.031" timestamp="2025-01-31T16:28:22.674" classname="DatabaseOptionsTest" />
    <testcase name="PageSize_Small/0" value_param="4-byte object &lt;01-00 00-00&gt;" file="../../sql/database_options_unittest.cc" line="180" status="run" result="completed" time="0.004" timestamp="2025-01-31T16:28:22.706" classname="DatabaseOptionsTest" />
    <testcase name="PageSize_Small/1" value_param="4-byte object &lt;02-00 00-00&gt;" file="../../sql/database_options_unittest.cc" line="180" status="run" result="completed" time="0.022" timestamp="2025-01-31T16:28:22.710" classname="DatabaseOptionsTest" />
    <testcase name="PageSize_Small/2" value_param="4-byte object &lt;03-00 00-00&gt;" file="../../sql/database_options_unittest.cc" line="180" status="run" result="completed" time="0.025" timestamp="2025-01-31T16:28:22.733" classname="DatabaseOptionsTest" />
    <testcase name="PageSize_Small/3" value_param="4-byte object &lt;04-00 00-00&gt;" file="../../sql/database_options_unittest.cc" line="180" status="run" result="completed" time="0.026" timestamp="2025-01-31T16:28:22.759" classname="DatabaseOptionsTest" />
    <testcase name="CacheSize_Legacy/0" value_param="4-byte object &lt;01-00 00-00&gt;" file="../../sql/database_options_unittest.cc" line="199" status="run" result="completed" time="0.003" timestamp="2025-01-31T16:28:22.786" classname="DatabaseOptionsTest" />
    <testcase name="CacheSize_Legacy/1" value_param="4-byte object &lt;02-00 00-00&gt;" file="../../sql/database_options_unittest.cc" line="199" status="run" result="completed" time="0.004" timestamp="2025-01-31T16:28:22.789" classname="DatabaseOptionsTest" />
    <testcase name="CacheSize_Legacy/2" value_param="4-byte object &lt;03-00 00-00&gt;" file="../../sql/database_options_unittest.cc" line="199" status="run" result="completed" time="0.004" timestamp="2025-01-31T16:28:22.794" classname="DatabaseOptionsTest" />
    <testcase name="CacheSize_Legacy/3" value_param="4-byte object &lt;04-00 00-00&gt;" file="../../sql/database_options_unittest.cc" line="199" status="run" result="completed" time="0.016" timestamp="2025-01-31T16:28:22.798" classname="DatabaseOptionsTest" />
    <testcase name="CacheSize_Small/0" value_param="4-byte object &lt;01-00 00-00&gt;" file="../../sql/database_options_unittest.cc" line="210" status="run" result="completed" time="0.003" timestamp="2025-01-31T16:28:22.815" classname="DatabaseOptionsTest" />
    <testcase name="CacheSize_Small/1" value_param="4-byte object &lt;02-00 00-00&gt;" file="../../sql/database_options_unittest.cc" line="210" status="run" result="completed" time="0.004" timestamp="2025-01-31T16:28:22.818" classname="DatabaseOptionsTest" />
    <testcase name="CacheSize_Small/2" value_param="4-byte object &lt;03-00 00-00&gt;" file="../../sql/database_options_unittest.cc" line="210" status="run" result="completed" time="0.004" timestamp="2025-01-31T16:28:22.823" classname="DatabaseOptionsTest" />
    <testcase name="CacheSize_Small/3" value_param="4-byte object &lt;04-00 00-00&gt;" file="../../sql/database_options_unittest.cc" line="210" status="run" result="completed" time="0.015" timestamp="2025-01-31T16:28:22.827" classname="DatabaseOptionsTest" />
    <testcase name="CacheSize_Large/0" value_param="4-byte object &lt;01-00 00-00&gt;" file="../../sql/database_options_unittest.cc" line="220" status="run" result="completed" time="0.003" timestamp="2025-01-31T16:28:22.843" classname="DatabaseOptionsTest" />
    <testcase name="CacheSize_Large/1" value_param="4-byte object &lt;02-00 00-00&gt;" file="../../sql/database_options_unittest.cc" line="220" status="run" result="completed" time="0.004" timestamp="2025-01-31T16:28:22.847" classname="DatabaseOptionsTest" />
    <testcase name="CacheSize_Large/2" value_param="4-byte object &lt;03-00 00-00&gt;" file="../../sql/database_options_unittest.cc" line="220" status="run" result="completed" time="0.004" timestamp="2025-01-31T16:28:22.851" classname="DatabaseOptionsTest" />
    <testcase name="CacheSize_Large/3" value_param="4-byte object &lt;04-00 00-00&gt;" file="../../sql/database_options_unittest.cc" line="220" status="run" result="completed" time="0.014" timestamp="2025-01-31T16:28:22.856" classname="DatabaseOptionsTest" />
    <testcase name="EnableViewsDiscouraged_FalseByDefault/0" value_param="4-byte object &lt;01-00 00-00&gt;" file="../../sql/database_options_unittest.cc" line="230" status="run" result="completed" time="0.003" timestamp="2025-01-31T16:28:22.871" classname="DatabaseOptionsTest" />
    <testcase name="EnableViewsDiscouraged_FalseByDefault/1" value_param="4-byte object &lt;02-00 00-00&gt;" file="../../sql/database_options_unittest.cc" line="230" status="run" result="completed" time="0.021" timestamp="2025-01-31T16:28:22.875" classname="DatabaseOptionsTest" />
    <testcase name="EnableViewsDiscouraged_FalseByDefault/2" value_param="4-byte object &lt;03-00 00-00&gt;" file="../../sql/database_options_unittest.cc" line="230" status="run" result="completed" time="0.023" timestamp="2025-01-31T16:28:22.897" classname="DatabaseOptionsTest" />
    <testcase name="EnableViewsDiscouraged_FalseByDefault/3" value_param="4-byte object &lt;04-00 00-00&gt;" file="../../sql/database_options_unittest.cc" line="230" status="run" result="completed" time="0.018" timestamp="2025-01-31T16:28:22.920" classname="DatabaseOptionsTest" />
    <testcase name="EnableViewsDiscouraged_True/0" value_param="4-byte object &lt;01-00 00-00&gt;" file="../../sql/database_options_unittest.cc" line="257" status="run" result="completed" time="0.006" timestamp="2025-01-31T16:28:22.940" classname="DatabaseOptionsTest" />
    <testcase name="EnableViewsDiscouraged_True/1" value_param="4-byte object &lt;02-00 00-00&gt;" file="../../sql/database_options_unittest.cc" line="257" status="run" result="completed" time="0.022" timestamp="2025-01-31T16:28:22.946" classname="DatabaseOptionsTest" />
    <testcase name="EnableViewsDiscouraged_True/2" value_param="4-byte object &lt;03-00 00-00&gt;" file="../../sql/database_options_unittest.cc" line="257" status="run" result="completed" time="0.021" timestamp="2025-01-31T16:28:22.969" classname="DatabaseOptionsTest" />
    <testcase name="EnableViewsDiscouraged_True/3" value_param="4-byte object &lt;04-00 00-00&gt;" file="../../sql/database_options_unittest.cc" line="257" status="run" result="completed" time="0.021" timestamp="2025-01-31T16:28:22.990" classname="DatabaseOptionsTest" />
    <testcase name="EnableVirtualTablesDiscouraged_FalseByDefault/0" value_param="4-byte object &lt;01-00 00-00&gt;" file="../../sql/database_options_unittest.cc" line="275" status="run" result="completed" time="0.004" timestamp="2025-01-31T16:28:23.012" classname="DatabaseOptionsTest" />
    <testcase name="EnableVirtualTablesDiscouraged_FalseByDefault/1" value_param="4-byte object &lt;02-00 00-00&gt;" file="../../sql/database_options_unittest.cc" line="275" status="run" result="completed" time="0.016" timestamp="2025-01-31T16:28:23.017" classname="DatabaseOptionsTest" />
    <testcase name="EnableVirtualTablesDiscouraged_FalseByDefault/2" value_param="4-byte object &lt;03-00 00-00&gt;" file="../../sql/database_options_unittest.cc" line="275" status="run" result="completed" time="0.022" timestamp="2025-01-31T16:28:23.034" classname="DatabaseOptionsTest" />
    <testcase name="EnableVirtualTablesDiscouraged_FalseByDefault/3" value_param="4-byte object &lt;04-00 00-00&gt;" file="../../sql/database_options_unittest.cc" line="275" status="run" result="completed" time="0.033" timestamp="2025-01-31T16:28:23.057" classname="DatabaseOptionsTest" />
    <testcase name="EnableVirtualTablesDiscouraged_True/0" value_param="4-byte object &lt;01-00 00-00&gt;" file="../../sql/database_options_unittest.cc" line="305" status="run" result="completed" time="0.006" timestamp="2025-01-31T16:28:23.090" classname="DatabaseOptionsTest" />
    <testcase name="EnableVirtualTablesDiscouraged_True/1" value_param="4-byte object &lt;02-00 00-00&gt;" file="../../sql/database_options_unittest.cc" line="305" status="run" result="completed" time="0.034" timestamp="2025-01-31T16:28:23.097" classname="DatabaseOptionsTest" />
    <testcase name="EnableVirtualTablesDiscouraged_True/2" value_param="4-byte object &lt;03-00 00-00&gt;" file="../../sql/database_options_unittest.cc" line="305" status="run" result="completed" time="0.03" timestamp="2025-01-31T16:28:23.132" classname="DatabaseOptionsTest" />
    <testcase name="EnableVirtualTablesDiscouraged_True/3" value_param="4-byte object &lt;04-00 00-00&gt;" file="../../sql/database_options_unittest.cc" line="305" status="run" result="completed" time="0.027" timestamp="2025-01-31T16:28:23.163" classname="DatabaseOptionsTest" />
  </testsuite>
  <testsuite name="JournalMode/SQLDatabaseTest" tests="180" failures="0" disabled="0" skipped="0" errors="0" time="8.44" timestamp="2025-01-31T16:28:23.191">
    <testcase name="Execute_ValidStatement/0" value_param="false" file="../../sql/database_unittest.cc" line="144" status="run" result="completed" time="0.013" timestamp="2025-01-31T16:28:23.191" classname="JournalMode/SQLDatabaseTest" />
    <testcase name="Execute_ValidStatement/1" value_param="true" file="../../sql/database_unittest.cc" line="144" status="run" result="completed" time="0.024" timestamp="2025-01-31T16:28:23.205" classname="JournalMode/SQLDatabaseTest" />
    <testcase name="Execute_InvalidStatement/0" value_param="false" file="../../sql/database_unittest.cc" line="149" status="run" result="completed" time="0.003" timestamp="2025-01-31T16:28:23.230" classname="JournalMode/SQLDatabaseTest" />
    <testcase name="Execute_InvalidStatement/1" value_param="true" file="../../sql/database_unittest.cc" line="149" status="run" result="completed" time="0.014" timestamp="2025-01-31T16:28:23.234" classname="JournalMode/SQLDatabaseTest" />
    <testcase name="ExecuteScriptForTesting_OneLineValid/0" value_param="false" file="../../sql/database_unittest.cc" line="159" status="run" result="completed" time="0.014" timestamp="2025-01-31T16:28:23.248" classname="JournalMode/SQLDatabaseTest" />
    <testcase name="ExecuteScriptForTesting_OneLineValid/1" value_param="true" file="../../sql/database_unittest.cc" line="159" status="run" result="completed" time="0.024" timestamp="2025-01-31T16:28:23.263" classname="JournalMode/SQLDatabaseTest" />
    <testcase name="ExecuteScriptForTesting_OneLineInvalid/0" value_param="false" file="../../sql/database_unittest.cc" line="164" status="run" result="completed" time="0.003" timestamp="2025-01-31T16:28:23.288" classname="JournalMode/SQLDatabaseTest" />
    <testcase name="ExecuteScriptForTesting_OneLineInvalid/1" value_param="true" file="../../sql/database_unittest.cc" line="164" status="run" result="completed" time="0.012" timestamp="2025-01-31T16:28:23.292" classname="JournalMode/SQLDatabaseTest" />
    <testcase name="ExecuteScriptForTesting_ExtraContents/0" value_param="false" file="../../sql/database_unittest.cc" line="169" status="run" result="completed" time="0.094" timestamp="2025-01-31T16:28:23.305" classname="JournalMode/SQLDatabaseTest" />
    <testcase name="ExecuteScriptForTesting_ExtraContents/1" value_param="true" file="../../sql/database_unittest.cc" line="169" status="run" result="completed" time="0.039" timestamp="2025-01-31T16:28:23.400" classname="JournalMode/SQLDatabaseTest" />
    <testcase name="ExecuteScriptForTesting_MultipleValidLines/0" value_param="false" file="../../sql/database_unittest.cc" line="191" status="run" result="completed" time="0.046" timestamp="2025-01-31T16:28:23.439" classname="JournalMode/SQLDatabaseTest" />
    <testcase name="ExecuteScriptForTesting_MultipleValidLines/1" value_param="true" file="../../sql/database_unittest.cc" line="191" status="run" result="completed" time="0.372" timestamp="2025-01-31T16:28:23.486" classname="JournalMode/SQLDatabaseTest" />
    <testcase name="ExecuteScriptForTesting_StopsOnCompileError/0" value_param="false" file="../../sql/database_unittest.cc" line="207" status="run" result="completed" time="0.805" timestamp="2025-01-31T16:28:23.859" classname="JournalMode/SQLDatabaseTest" />
    <testcase name="ExecuteScriptForTesting_StopsOnCompileError/1" value_param="true" file="../../sql/database_unittest.cc" line="207" status="run" result="completed" time="0.647" timestamp="2025-01-31T16:28:24.665" classname="JournalMode/SQLDatabaseTest" />
    <testcase name="ExecuteScriptForTesting_StopsOnStepError/0" value_param="false" file="../../sql/database_unittest.cc" line="219" status="run" result="completed" time="0.289" timestamp="2025-01-31T16:28:25.313" classname="JournalMode/SQLDatabaseTest" />
    <testcase name="ExecuteScriptForTesting_StopsOnStepError/1" value_param="true" file="../../sql/database_unittest.cc" line="219" status="run" result="completed" time="0.312" timestamp="2025-01-31T16:28:25.603" classname="JournalMode/SQLDatabaseTest" />
    <testcase name="CachedStatement/0" value_param="false" file="../../sql/database_unittest.cc" line="232" status="run" result="completed" time="0.211" timestamp="2025-01-31T16:28:25.916" classname="JournalMode/SQLDatabaseTest" />
    <testcase name="CachedStatement/1" value_param="true" file="../../sql/database_unittest.cc" line="232" status="run" result="completed" time="0.035" timestamp="2025-01-31T16:28:26.128" classname="JournalMode/SQLDatabaseTest" />
    <testcase name="IsSQLValidTest/0" value_param="false" file="../../sql/database_unittest.cc" line="292" status="run" result="completed" time="0.016" timestamp="2025-01-31T16:28:26.164" classname="JournalMode/SQLDatabaseTest" />
    <testcase name="IsSQLValidTest/1" value_param="true" file="../../sql/database_unittest.cc" line="292" status="run" result="completed" time="0.024" timestamp="2025-01-31T16:28:26.181" classname="JournalMode/SQLDatabaseTest" />
    <testcase name="DoesTableExist/0" value_param="false" file="../../sql/database_unittest.cc" line="298" status="run" result="completed" time="0.03" timestamp="2025-01-31T16:28:26.205" classname="JournalMode/SQLDatabaseTest" />
    <testcase name="DoesTableExist/1" value_param="true" file="../../sql/database_unittest.cc" line="298" status="run" result="completed" time="0.028" timestamp="2025-01-31T16:28:26.236" classname="JournalMode/SQLDatabaseTest" />
    <testcase name="DoesIndexExist/0" value_param="false" file="../../sql/database_unittest.cc" line="312" status="run" result="completed" time="0.026" timestamp="2025-01-31T16:28:26.265" classname="JournalMode/SQLDatabaseTest" />
    <testcase name="DoesIndexExist/1" value_param="true" file="../../sql/database_unittest.cc" line="312" status="run" result="completed" time="0.025" timestamp="2025-01-31T16:28:26.292" classname="JournalMode/SQLDatabaseTest" />
    <testcase name="DoesViewExist/0" value_param="false" file="../../sql/database_unittest.cc" line="327" status="run" result="completed" time="0.015" timestamp="2025-01-31T16:28:26.318" classname="JournalMode/SQLDatabaseTest" />
    <testcase name="DoesViewExist/1" value_param="true" file="../../sql/database_unittest.cc" line="327" status="run" result="completed" time="0.025" timestamp="2025-01-31T16:28:26.334" classname="JournalMode/SQLDatabaseTest" />
    <testcase name="DoesColumnExist/0" value_param="false" file="../../sql/database_unittest.cc" line="339" status="run" result="completed" time="0.016" timestamp="2025-01-31T16:28:26.360" classname="JournalMode/SQLDatabaseTest" />
    <testcase name="DoesColumnExist/1" value_param="true" file="../../sql/database_unittest.cc" line="339" status="run" result="completed" time="0.024" timestamp="2025-01-31T16:28:26.376" classname="JournalMode/SQLDatabaseTest" />
    <testcase name="GetLastInsertRowId/0" value_param="false" file="../../sql/database_unittest.cc" line="354" status="run" result="completed" time="0.02" timestamp="2025-01-31T16:28:26.402" classname="JournalMode/SQLDatabaseTest" />
    <testcase name="GetLastInsertRowId/1" value_param="true" file="../../sql/database_unittest.cc" line="354" status="run" result="completed" time="0.027" timestamp="2025-01-31T16:28:26.423" classname="JournalMode/SQLDatabaseTest" />
    <testcase name="ScopedErrorExpecter/0" value_param="false" file="../../sql/database_unittest.cc" line="372" status="run" result="completed" time="0.025" timestamp="2025-01-31T16:28:26.450" classname="JournalMode/SQLDatabaseTest" />
    <testcase name="ScopedErrorExpecter/1" value_param="true" file="../../sql/database_unittest.cc" line="372" status="run" result="completed" time="0.023" timestamp="2025-01-31T16:28:26.475" classname="JournalMode/SQLDatabaseTest" />
    <testcase name="SchemaIntrospectionUsesErrorExpecter/0" value_param="false" file="../../sql/database_unittest.cc" line="385" status="run" result="completed" time="0.017" timestamp="2025-01-31T16:28:26.499" classname="JournalMode/SQLDatabaseTest" />
    <testcase name="SchemaIntrospectionUsesErrorExpecter/1" value_param="true" file="../../sql/database_unittest.cc" line="385" status="run" result="completed" time="0.032" timestamp="2025-01-31T16:28:26.517" classname="JournalMode/SQLDatabaseTest" />
    <testcase name="SetErrorCallback/0" value_param="false" file="../../sql/database_unittest.cc" line="407" status="run" result="completed" time="0.021" timestamp="2025-01-31T16:28:26.549" classname="JournalMode/SQLDatabaseTest" />
    <testcase name="SetErrorCallback/1" value_param="true" file="../../sql/database_unittest.cc" line="407" status="run" result="completed" time="0.023" timestamp="2025-01-31T16:28:26.571" classname="JournalMode/SQLDatabaseTest" />
    <testcase name="SetErrorCallbackDchecksOnExistingCallback/0" value_param="false" file="../../sql/database_unittest.cc" line="428" status="run" result="completed" time="0.003" timestamp="2025-01-31T16:28:26.595" classname="JournalMode/SQLDatabaseTest" />
    <testcase name="SetErrorCallbackDchecksOnExistingCallback/1" value_param="true" file="../../sql/database_unittest.cc" line="428" status="run" result="completed" time="0.011" timestamp="2025-01-31T16:28:26.599" classname="JournalMode/SQLDatabaseTest" />
    <testcase name="ResetErrorCallback/0" value_param="false" file="../../sql/database_unittest.cc" line="434" status="run" result="completed" time="0.023" timestamp="2025-01-31T16:28:26.611" classname="JournalMode/SQLDatabaseTest" />
    <testcase name="ResetErrorCallback/1" value_param="true" file="../../sql/database_unittest.cc" line="434" status="run" result="completed" time="0.023" timestamp="2025-01-31T16:28:26.634" classname="JournalMode/SQLDatabaseTest" />
    <testcase name="ErrorCallbackStorageProtectedWhileRun/0" value_param="false" file="../../sql/database_unittest.cc" line="500" status="run" result="completed" time="0.003" timestamp="2025-01-31T16:28:26.658" classname="JournalMode/SQLDatabaseTest" />
    <testcase name="ErrorCallbackStorageProtectedWhileRun/1" value_param="true" file="../../sql/database_unittest.cc" line="500" status="run" result="completed" time="0.01" timestamp="2025-01-31T16:28:26.662" classname="JournalMode/SQLDatabaseTest" />
    <testcase name="Execute_CompilationError/0" value_param="false" file="../../sql/database_unittest.cc" line="523" status="run" result="completed" time="0.003" timestamp="2025-01-31T16:28:26.673" classname="JournalMode/SQLDatabaseTest" />
    <testcase name="Execute_CompilationError/1" value_param="true" file="../../sql/database_unittest.cc" line="523" status="run" result="completed" time="0.012" timestamp="2025-01-31T16:28:26.677" classname="JournalMode/SQLDatabaseTest" />
    <testcase name="GetUniqueStatement_CompilationError/0" value_param="false" file="../../sql/database_unittest.cc" line="546" status="run" result="completed" time="0.003" timestamp="2025-01-31T16:28:26.690" classname="JournalMode/SQLDatabaseTest" />
    <testcase name="GetUniqueStatement_CompilationError/1" value_param="true" file="../../sql/database_unittest.cc" line="546" status="run" result="completed" time="0.01" timestamp="2025-01-31T16:28:26.694" classname="JournalMode/SQLDatabaseTest" />
    <testcase name="GetCachedStatement_CompilationError/0" value_param="false" file="../../sql/database_unittest.cc" line="571" status="run" result="completed" time="0.003" timestamp="2025-01-31T16:28:26.704" classname="JournalMode/SQLDatabaseTest" />
    <testcase name="GetCachedStatement_CompilationError/1" value_param="true" file="../../sql/database_unittest.cc" line="571" status="run" result="completed" time="0.012" timestamp="2025-01-31T16:28:26.708" classname="JournalMode/SQLDatabaseTest" />
    <testcase name="GetUniqueStatement_ExtraContents/0" value_param="false" file="../../sql/database_unittest.cc" line="596" status="run" result="completed" time="0.004" timestamp="2025-01-31T16:28:26.721" classname="JournalMode/SQLDatabaseTest" />
    <testcase name="GetUniqueStatement_ExtraContents/1" value_param="true" file="../../sql/database_unittest.cc" line="596" status="run" result="completed" time="0.013" timestamp="2025-01-31T16:28:26.726" classname="JournalMode/SQLDatabaseTest" />
    <testcase name="GetCachedStatement_ExtraContents/0" value_param="false" file="../../sql/database_unittest.cc" line="615" status="run" result="completed" time="0.004" timestamp="2025-01-31T16:28:26.740" classname="JournalMode/SQLDatabaseTest" />
    <testcase name="GetCachedStatement_ExtraContents/1" value_param="true" file="../../sql/database_unittest.cc" line="615" status="run" result="completed" time="0.013" timestamp="2025-01-31T16:28:26.745" classname="JournalMode/SQLDatabaseTest" />
    <testcase name="IsSQLValid_ExtraContents/0" value_param="false" file="../../sql/database_unittest.cc" line="639" status="run" result="completed" time="0.004" timestamp="2025-01-31T16:28:26.759" classname="JournalMode/SQLDatabaseTest" />
    <testcase name="IsSQLValid_ExtraContents/1" value_param="true" file="../../sql/database_unittest.cc" line="639" status="run" result="completed" time="0.011" timestamp="2025-01-31T16:28:26.764" classname="JournalMode/SQLDatabaseTest" />
    <testcase name="GetUniqueStatement_NoContents/0" value_param="false" file="../../sql/database_unittest.cc" line="659" status="run" result="completed" time="0.004" timestamp="2025-01-31T16:28:26.776" classname="JournalMode/SQLDatabaseTest" />
    <testcase name="GetUniqueStatement_NoContents/1" value_param="true" file="../../sql/database_unittest.cc" line="659" status="run" result="completed" time="0.014" timestamp="2025-01-31T16:28:26.780" classname="JournalMode/SQLDatabaseTest" />
    <testcase name="GetCachedStatement_NoContents/0" value_param="false" file="../../sql/database_unittest.cc" line="666" status="run" result="completed" time="0.004" timestamp="2025-01-31T16:28:26.795" classname="JournalMode/SQLDatabaseTest" />
    <testcase name="GetCachedStatement_NoContents/1" value_param="true" file="../../sql/database_unittest.cc" line="666" status="run" result="completed" time="0.011" timestamp="2025-01-31T16:28:26.799" classname="JournalMode/SQLDatabaseTest" />
    <testcase name="GetReadonlyStatement/0" value_param="false" file="../../sql/database_unittest.cc" line="676" status="run" result="completed" time="0.024" timestamp="2025-01-31T16:28:26.811" classname="JournalMode/SQLDatabaseTest" />
    <testcase name="GetReadonlyStatement/1" value_param="true" file="../../sql/database_unittest.cc" line="676" status="run" result="completed" time="0.029" timestamp="2025-01-31T16:28:26.835" classname="JournalMode/SQLDatabaseTest" />
    <testcase name="IsSQLValid_NoContents/0" value_param="false" file="../../sql/database_unittest.cc" line="726" status="run" result="completed" time="0.004" timestamp="2025-01-31T16:28:26.865" classname="JournalMode/SQLDatabaseTest" />
    <testcase name="IsSQLValid_NoContents/1" value_param="true" file="../../sql/database_unittest.cc" line="726" status="run" result="completed" time="0.013" timestamp="2025-01-31T16:28:26.870" classname="JournalMode/SQLDatabaseTest" />
    <testcase name="Raze/0" value_param="false" file="../../sql/database_unittest.cc" line="735" status="run" result="completed" time="0.031" timestamp="2025-01-31T16:28:26.884" classname="JournalMode/SQLDatabaseTest" />
    <testcase name="Raze/1" value_param="true" file="../../sql/database_unittest.cc" line="735" status="run" result="completed" time="0.024" timestamp="2025-01-31T16:28:26.916" classname="JournalMode/SQLDatabaseTest" />
    <testcase name="RazeDuringSelect/0" value_param="false" file="../../sql/database_unittest.cc" line="786" status="run" result="completed" time="0.03" timestamp="2025-01-31T16:28:26.941" classname="JournalMode/SQLDatabaseTest" />
    <testcase name="RazeDuringSelect/1" value_param="true" file="../../sql/database_unittest.cc" line="786" status="run" result="completed" time="0.024" timestamp="2025-01-31T16:28:26.972" classname="JournalMode/SQLDatabaseTest" />
    <testcase name="RazePageSize/0" value_param="false" file="../../sql/database_unittest.cc" line="854" status="run" result="completed" time="0.18" timestamp="2025-01-31T16:28:26.997" classname="JournalMode/SQLDatabaseTest" />
    <testcase name="RazePageSize/1" value_param="true" file="../../sql/database_unittest.cc" line="854" status="run" result="completed" time="0.192" timestamp="2025-01-31T16:28:27.177" classname="JournalMode/SQLDatabaseTest" />
    <testcase name="RazeMultiple/0" value_param="false" file="../../sql/database_unittest.cc" line="879" status="run" result="completed" time="0.025" timestamp="2025-01-31T16:28:27.370" classname="JournalMode/SQLDatabaseTest" />
    <testcase name="RazeMultiple/1" value_param="true" file="../../sql/database_unittest.cc" line="879" status="run" result="completed" time="0.025" timestamp="2025-01-31T16:28:27.396" classname="JournalMode/SQLDatabaseTest" />
    <testcase name="Raze_OtherConnectionHasWriteLock/0" value_param="false" file="../../sql/database_unittest.cc" line="895" status="run" result="completed" time="0.033" timestamp="2025-01-31T16:28:27.421" classname="JournalMode/SQLDatabaseTest" />
    <testcase name="Raze_OtherConnectionHasWriteLock/1" value_param="true" file="../../sql/database_unittest.cc" line="895" status="run" result="completed" time="0.029" timestamp="2025-01-31T16:28:27.455" classname="JournalMode/SQLDatabaseTest" />
    <testcase name="Raze_OtherConnectionHasReadLock/0" value_param="false" file="../../sql/database_unittest.cc" line="913" status="run" result="completed" time="0.035" timestamp="2025-01-31T16:28:27.485" classname="JournalMode/SQLDatabaseTest" />
    <testcase name="Raze_OtherConnectionHasReadLock/1" value_param="true" file="../../sql/database_unittest.cc" line="913" status="run" result="completed" time="0.031" timestamp="2025-01-31T16:28:27.522" classname="JournalMode/SQLDatabaseTest" />
    <testcase name="Raze_EmptyDatabaseFile/0" value_param="false" file="../../sql/database_unittest.cc" line="937" status="run" result="completed" time="0.04" timestamp="2025-01-31T16:28:27.554" classname="JournalMode/SQLDatabaseTest" />
    <testcase name="Raze_EmptyDatabaseFile/1" value_param="true" file="../../sql/database_unittest.cc" line="937" status="run" result="completed" time="0.056" timestamp="2025-01-31T16:28:27.595" classname="JournalMode/SQLDatabaseTest" />
    <testcase name="RazeNOTADB/0" value_param="false" file="../../sql/database_unittest.cc" line="955" status="run" result="completed" time="0.019" timestamp="2025-01-31T16:28:27.651" classname="JournalMode/SQLDatabaseTest" />
    <testcase name="RazeNOTADB/1" value_param="true" file="../../sql/database_unittest.cc" line="955" status="run" result="completed" time="0.033" timestamp="2025-01-31T16:28:27.671" classname="JournalMode/SQLDatabaseTest" />
    <testcase name="RazeNOTADB2/0" value_param="false" file="../../sql/database_unittest.cc" line="981" status="run" result="completed" time="0.026" timestamp="2025-01-31T16:28:27.705" classname="JournalMode/SQLDatabaseTest" />
    <testcase name="RazeNOTADB2/1" value_param="true" file="../../sql/database_unittest.cc" line="981" status="run" result="completed" time="0.046" timestamp="2025-01-31T16:28:27.732" classname="JournalMode/SQLDatabaseTest" />
    <testcase name="RazeCallbackReopen/0" value_param="false" file="../../sql/database_unittest.cc" line="1010" status="run" result="completed" time="0.025" timestamp="2025-01-31T16:28:27.779" classname="JournalMode/SQLDatabaseTest" />
    <testcase name="RazeCallbackReopen/1" value_param="true" file="../../sql/database_unittest.cc" line="1010" status="run" result="completed" time="0.056" timestamp="2025-01-31T16:28:27.805" classname="JournalMode/SQLDatabaseTest" />
    <testcase name="RazeAndPoison_DeletesData/0" value_param="false" file="../../sql/database_unittest.cc" line="1042" status="run" result="completed" time="0.044" timestamp="2025-01-31T16:28:27.862" classname="JournalMode/SQLDatabaseTest" />
    <testcase name="RazeAndPoison_DeletesData/1" value_param="true" file="../../sql/database_unittest.cc" line="1042" status="run" result="completed" time="0.04" timestamp="2025-01-31T16:28:27.906" classname="JournalMode/SQLDatabaseTest" />
    <testcase name="RazeAndPoison_IsOpen/0" value_param="false" file="../../sql/database_unittest.cc" line="1057" status="run" result="completed" time="0.033" timestamp="2025-01-31T16:28:27.947" classname="JournalMode/SQLDatabaseTest" />
    <testcase name="RazeAndPoison_IsOpen/1" value_param="true" file="../../sql/database_unittest.cc" line="1057" status="run" result="completed" time="0.023" timestamp="2025-01-31T16:28:27.981" classname="JournalMode/SQLDatabaseTest" />
    <testcase name="RazeAndPoison_Reopen_NoChanges/0" value_param="false" file="../../sql/database_unittest.cc" line="1067" status="run" result="completed" time="0.025" timestamp="2025-01-31T16:28:28.005" classname="JournalMode/SQLDatabaseTest" />
    <testcase name="RazeAndPoison_Reopen_NoChanges/1" value_param="true" file="../../sql/database_unittest.cc" line="1067" status="run" result="completed" time="0.039" timestamp="2025-01-31T16:28:28.031" classname="JournalMode/SQLDatabaseTest" />
    <testcase name="RazeAndPoison_OpenTransaction/0" value_param="false" file="../../sql/database_unittest.cc" line="1082" status="run" result="completed" time="0.043" timestamp="2025-01-31T16:28:28.071" classname="JournalMode/SQLDatabaseTest" />
    <testcase name="RazeAndPoison_OpenTransaction/1" value_param="true" file="../../sql/database_unittest.cc" line="1082" status="run" result="completed" time="0.039" timestamp="2025-01-31T16:28:28.114" classname="JournalMode/SQLDatabaseTest" />
    <testcase name="RazeAndPoison_Preload_NoCrash/0" value_param="false" file="../../sql/database_unittest.cc" line="1105" status="run" result="completed" time="0.025" timestamp="2025-01-31T16:28:28.154" classname="JournalMode/SQLDatabaseTest" />
    <testcase name="RazeAndPoison_Preload_NoCrash/1" value_param="true" file="../../sql/database_unittest.cc" line="1105" status="run" result="completed" time="0.023" timestamp="2025-01-31T16:28:28.180" classname="JournalMode/SQLDatabaseTest" />
    <testcase name="RazeAndPoison_DoesTableExist/0" value_param="false" file="../../sql/database_unittest.cc" line="1111" status="run" result="completed" time="0.026" timestamp="2025-01-31T16:28:28.205" classname="JournalMode/SQLDatabaseTest" />
    <testcase name="RazeAndPoison_DoesTableExist/1" value_param="true" file="../../sql/database_unittest.cc" line="1111" status="run" result="completed" time="0.028" timestamp="2025-01-31T16:28:28.232" classname="JournalMode/SQLDatabaseTest" />
    <testcase name="RazeAndPoison_IsSQLValid/0" value_param="false" file="../../sql/database_unittest.cc" line="1121" status="run" result="completed" time="0.021" timestamp="2025-01-31T16:28:28.261" classname="JournalMode/SQLDatabaseTest" />
    <testcase name="RazeAndPoison_IsSQLValid/1" value_param="true" file="../../sql/database_unittest.cc" line="1121" status="run" result="completed" time="0.023" timestamp="2025-01-31T16:28:28.283" classname="JournalMode/SQLDatabaseTest" />
    <testcase name="RazeAndPoison_Execute/0" value_param="false" file="../../sql/database_unittest.cc" line="1129" status="run" result="completed" time="0.017" timestamp="2025-01-31T16:28:28.306" classname="JournalMode/SQLDatabaseTest" />
    <testcase name="RazeAndPoison_Execute/1" value_param="true" file="../../sql/database_unittest.cc" line="1129" status="run" result="completed" time="0.022" timestamp="2025-01-31T16:28:28.324" classname="JournalMode/SQLDatabaseTest" />
    <testcase name="RazeAndPoison_GetUniqueStatement/0" value_param="false" file="../../sql/database_unittest.cc" line="1137" status="run" result="completed" time="0.018" timestamp="2025-01-31T16:28:28.347" classname="JournalMode/SQLDatabaseTest" />
    <testcase name="RazeAndPoison_GetUniqueStatement/1" value_param="true" file="../../sql/database_unittest.cc" line="1137" status="run" result="completed" time="0.025" timestamp="2025-01-31T16:28:28.366" classname="JournalMode/SQLDatabaseTest" />
    <testcase name="RazeAndPoison_GetCachedStatement/0" value_param="false" file="../../sql/database_unittest.cc" line="1152" status="run" result="completed" time="0.026" timestamp="2025-01-31T16:28:28.392" classname="JournalMode/SQLDatabaseTest" />
    <testcase name="RazeAndPoison_GetCachedStatement/1" value_param="true" file="../../sql/database_unittest.cc" line="1152" status="run" result="completed" time="0.02" timestamp="2025-01-31T16:28:28.419" classname="JournalMode/SQLDatabaseTest" />
    <testcase name="RazeAndPoison_InvalidatesUniqueStatement/0" value_param="false" file="../../sql/database_unittest.cc" line="1167" status="run" result="completed" time="0.017" timestamp="2025-01-31T16:28:28.440" classname="JournalMode/SQLDatabaseTest" />
    <testcase name="RazeAndPoison_InvalidatesUniqueStatement/1" value_param="true" file="../../sql/database_unittest.cc" line="1167" status="run" result="completed" time="0.027" timestamp="2025-01-31T16:28:28.457" classname="JournalMode/SQLDatabaseTest" />
    <testcase name="RazeAndPoison_InvalidatesCachedStatement/0" value_param="false" file="../../sql/database_unittest.cc" line="1180" status="run" result="completed" time="0.02" timestamp="2025-01-31T16:28:28.486" classname="JournalMode/SQLDatabaseTest" />
    <testcase name="RazeAndPoison_InvalidatesCachedStatement/1" value_param="true" file="../../sql/database_unittest.cc" line="1180" status="run" result="completed" time="0.026" timestamp="2025-01-31T16:28:28.506" classname="JournalMode/SQLDatabaseTest" />
    <testcase name="RazeAndPoison_TransactionBegin/0" value_param="false" file="../../sql/database_unittest.cc" line="1193" status="run" result="completed" time="0.016" timestamp="2025-01-31T16:28:28.533" classname="JournalMode/SQLDatabaseTest" />
    <testcase name="RazeAndPoison_TransactionBegin/1" value_param="true" file="../../sql/database_unittest.cc" line="1193" status="run" result="completed" time="0.519" timestamp="2025-01-31T16:28:28.549" classname="JournalMode/SQLDatabaseTest" />
    <testcase name="Close_IsSQLValid/0" value_param="false" file="../../sql/database_unittest.cc" line="1210" status="run" result="completed" time="0.003" timestamp="2025-01-31T16:28:29.070" classname="JournalMode/SQLDatabaseTest" />
    <testcase name="Close_IsSQLValid/1" value_param="true" file="../../sql/database_unittest.cc" line="1210" status="run" result="completed" time="0.324" timestamp="2025-01-31T16:28:29.074" classname="JournalMode/SQLDatabaseTest" />
    <testcase name="RazeTruncate/0" value_param="false" file="../../sql/database_unittest.cc" line="1224" status="run" result="completed" time="0.722" timestamp="2025-01-31T16:28:29.399" classname="JournalMode/SQLDatabaseTest" />
    <testcase name="RazeTruncate/1" value_param="true" file="../../sql/database_unittest.cc" line="1224" status="run" result="completed" time="0.052" timestamp="2025-01-31T16:28:30.121" classname="JournalMode/SQLDatabaseTest" />
    <testcase name="SetTempDirForSQL/0" value_param="false" file="../../sql/database_unittest.cc" line="1261" status="run" result="completed" time="0.016" timestamp="2025-01-31T16:28:30.174" classname="JournalMode/SQLDatabaseTest" />
    <testcase name="SetTempDirForSQL/1" value_param="true" file="../../sql/database_unittest.cc" line="1261" status="run" result="completed" time="0.025" timestamp="2025-01-31T16:28:30.190" classname="JournalMode/SQLDatabaseTest" />
    <testcase name="Delete/0" value_param="false" file="../../sql/database_unittest.cc" line="1272" status="run" result="completed" time="0.015" timestamp="2025-01-31T16:28:30.216" classname="JournalMode/SQLDatabaseTest" />
    <testcase name="Delete/1" value_param="true" file="../../sql/database_unittest.cc" line="1272" status="run" result="completed" time="0.027" timestamp="2025-01-31T16:28:30.231" classname="JournalMode/SQLDatabaseTest" />
    <testcase name="PosixFilePermissions/0" value_param="false" file="../../sql/database_unittest.cc" line="1293" status="run" result="completed" time="0.017" timestamp="2025-01-31T16:28:30.259" classname="JournalMode/SQLDatabaseTest" />
    <testcase name="PosixFilePermissions/1" value_param="true" file="../../sql/database_unittest.cc" line="1293" status="run" result="completed" time="0.034" timestamp="2025-01-31T16:28:30.277" classname="JournalMode/SQLDatabaseTest" />
    <testcase name="Poison_IsOpen/0" value_param="false" file="../../sql/database_unittest.cc" line="1341" status="run" result="completed" time="0.004" timestamp="2025-01-31T16:28:30.311" classname="JournalMode/SQLDatabaseTest" />
    <testcase name="Poison_IsOpen/1" value_param="true" file="../../sql/database_unittest.cc" line="1341" status="run" result="completed" time="0.013" timestamp="2025-01-31T16:28:30.315" classname="JournalMode/SQLDatabaseTest" />
    <testcase name="Poison_Close_Reopen_NoChanges/0" value_param="false" file="../../sql/database_unittest.cc" line="1347" status="run" result="completed" time="0.017" timestamp="2025-01-31T16:28:30.329" classname="JournalMode/SQLDatabaseTest" />
    <testcase name="Poison_Close_Reopen_NoChanges/1" value_param="true" file="../../sql/database_unittest.cc" line="1347" status="run" result="completed" time="0.029" timestamp="2025-01-31T16:28:30.346" classname="JournalMode/SQLDatabaseTest" />
    <testcase name="Poison_Preload_NoCrash/0" value_param="false" file="../../sql/database_unittest.cc" line="1360" status="run" result="completed" time="0.003" timestamp="2025-01-31T16:28:30.376" classname="JournalMode/SQLDatabaseTest" />
    <testcase name="Poison_Preload_NoCrash/1" value_param="true" file="../../sql/database_unittest.cc" line="1360" status="run" result="completed" time="0.012" timestamp="2025-01-31T16:28:30.380" classname="JournalMode/SQLDatabaseTest" />
    <testcase name="Poison_DoesTableExist/0" value_param="false" file="../../sql/database_unittest.cc" line="1366" status="run" result="completed" time="0.013" timestamp="2025-01-31T16:28:30.392" classname="JournalMode/SQLDatabaseTest" />
    <testcase name="Poison_DoesTableExist/1" value_param="true" file="../../sql/database_unittest.cc" line="1366" status="run" result="completed" time="0.026" timestamp="2025-01-31T16:28:30.406" classname="JournalMode/SQLDatabaseTest" />
[...]
    <testcase name="Poison_InvalidatesUniqueStatement/1" value_param="true" file="../../sql/database_unittest.cc" line="1422" status="run" result="completed" time="0.012" timestamp="2025-01-31T16:28:30.504" classname="JournalMode/SQLDatabaseTest" />
    <testcase name="Poison_InvalidatesCachedStatement/0" value_param="false" file="../../sql/database_unittest.cc" line="1434" status="run" result="completed" time="0.004" timestamp="2025-01-31T16:28:30.517" classname="JournalMode/SQLDatabaseTest" />
    <testcase name="Poison_InvalidatesCachedStatement/1" value_param="true" file="../../sql/database_unittest.cc" line="1434" status="run" result="completed" time="0.015" timestamp="2025-01-31T16:28:30.521" classname="JournalMode/SQLDatabaseTest" />
    <testcase name="Poison_TransactionBegin/0" value_param="false" file="../../sql/database_unittest.cc" line="1446" status="run" result="completed" time="0.006" timestamp="2025-01-31T16:28:30.537" classname="JournalMode/SQLDatabaseTest" />
    <testcase name="Poison_TransactionBegin/1" value_param="true" file="../../sql/database_unittest.cc" line="1446" status="run" result="completed" time="0.014" timestamp="2025-01-31T16:28:30.543" classname="JournalMode/SQLDatabaseTest" />
    <testcase name="Poison_OpenTransaction/0" value_param="false" file="../../sql/database_unittest.cc" line="1463" status="run" result="completed" time="0.004" timestamp="2025-01-31T16:28:30.558" classname="JournalMode/SQLDatabaseTest" />
    <testcase name="Poison_OpenTransaction/1" value_param="true" file="../../sql/database_unittest.cc" line="1463" status="run" result="completed" time="0.011" timestamp="2025-01-31T16:28:30.563" classname="JournalMode/SQLDatabaseTest" />
    <testcase name="AttachDatabase/0" value_param="false" file="../../sql/database_unittest.cc" line="1472" status="run" result="completed" time="0.041" timestamp="2025-01-31T16:28:30.575" classname="JournalMode/SQLDatabaseTest" />
    <testcase name="AttachDatabase/1" value_param="true" file="../../sql/database_unittest.cc" line="1472" status="run" result="completed" time="0.047" timestamp="2025-01-31T16:28:30.616" classname="JournalMode/SQLDatabaseTest" />
    <testcase name="AttachDatabaseWithOpenTransaction/0" value_param="false" file="../../sql/database_unittest.cc" line="1507" status="run" result="completed" time="0.037" timestamp="2025-01-31T16:28:30.664" classname="JournalMode/SQLDatabaseTest" />
    <testcase name="AttachDatabaseWithOpenTransaction/1" value_param="true" file="../../sql/database_unittest.cc" line="1507" status="run" result="completed" time="0.045" timestamp="2025-01-31T16:28:30.702" classname="JournalMode/SQLDatabaseTest" />
    <testcase name="FullIntegrityCheck/0" value_param="false" file="../../sql/database_unittest.cc" line="1556" status="run" result="completed" time="0.03" timestamp="2025-01-31T16:28:30.748" classname="JournalMode/SQLDatabaseTest" />
    <testcase name="FullIntegrityCheck/1" value_param="true" file="../../sql/database_unittest.cc" line="1556" status="run" result="completed" time="0.043" timestamp="2025-01-31T16:28:30.779" classname="JournalMode/SQLDatabaseTest" />
    <testcase name="OnMemoryDump/0" value_param="false" file="../../sql/database_unittest.cc" line="1583" status="run" result="completed" time="0.004" timestamp="2025-01-31T16:28:30.823" classname="JournalMode/SQLDatabaseTest" />
    <testcase name="OnMemoryDump/1" value_param="true" file="../../sql/database_unittest.cc" line="1583" status="run" result="completed" time="0.014" timestamp="2025-01-31T16:28:30.827" classname="JournalMode/SQLDatabaseTest" />
    <testcase name="CollectDiagnosticInfo/0" value_param="false" file="../../sql/database_unittest.cc" line="1593" status="run" result="completed" time="0.031" timestamp="2025-01-31T16:28:30.842" classname="JournalMode/SQLDatabaseTest" />
    <testcase name="CollectDiagnosticInfo/1" value_param="true" file="../../sql/database_unittest.cc" line="1593" status="run" result="completed" time="0.027" timestamp="2025-01-31T16:28:30.873" classname="JournalMode/SQLDatabaseTest" />
    <testcase name="MmapInitiallyEnabled/0" value_param="false" file="../../sql/database_unittest.cc" line="1673" status="run" result="completed" time="0.005" timestamp="2025-01-31T16:28:30.901" classname="JournalMode/SQLDatabaseTest" />
    <testcase name="MmapInitiallyEnabled/1" value_param="true" file="../../sql/database_unittest.cc" line="1673" status="run" result="completed" time="0.02" timestamp="2025-01-31T16:28:30.907" classname="JournalMode/SQLDatabaseTest" />
    <testcase name="MmapInitiallyEnabledAltStatus/0" value_param="false" file="../../sql/database_unittest.cc" line="1701" status="run" result="completed" time="0.018" timestamp="2025-01-31T16:28:30.928" classname="JournalMode/SQLDatabaseTest" />
    <testcase name="MmapInitiallyEnabledAltStatus/1" value_param="true" file="../../sql/database_unittest.cc" line="1701" status="run" result="completed" time="0.041" timestamp="2025-01-31T16:28:30.947" classname="JournalMode/SQLDatabaseTest" />
    <testcase name="ComputeMmapSizeForOpen/0" value_param="false" file="../../sql/database_unittest.cc" line="1737" status="run" result="completed" time="0.065" timestamp="2025-01-31T16:28:30.989" classname="JournalMode/SQLDatabaseTest" />
    <testcase name="ComputeMmapSizeForOpen/1" value_param="true" file="../../sql/database_unittest.cc" line="1737" status="run" result="completed" time="0.034" timestamp="2025-01-31T16:28:31.055" classname="JournalMode/SQLDatabaseTest" />
    <testcase name="ComputeMmapSizeForOpenAltStatus/0" value_param="false" file="../../sql/database_unittest.cc" line="1780" status="run" result="completed" time="0.054" timestamp="2025-01-31T16:28:31.090" classname="JournalMode/SQLDatabaseTest" />
    <testcase name="ComputeMmapSizeForOpenAltStatus/1" value_param="true" file="../../sql/database_unittest.cc" line="1780" status="run" result="completed" time="0.033" timestamp="2025-01-31T16:28:31.146" classname="JournalMode/SQLDatabaseTest" />
    <testcase name="GetMemoryUsage/0" value_param="false" file="../../sql/database_unittest.cc" line="1821" status="run" result="completed" time="0.022" timestamp="2025-01-31T16:28:31.179" classname="JournalMode/SQLDatabaseTest" />
    <testcase name="GetMemoryUsage/1" value_param="true" file="../../sql/database_unittest.cc" line="1821" status="run" result="completed" time="0.027" timestamp="2025-01-31T16:28:31.202" classname="JournalMode/SQLDatabaseTest" />
    <testcase name="DoubleQuotedStringLiteralsDisabledByDefault/0" value_param="false" file="../../sql/database_unittest.cc" line="1844" status="run" result="completed" time="0.015" timestamp="2025-01-31T16:28:31.230" classname="JournalMode/SQLDatabaseTest" />
    <testcase name="DoubleQuotedStringLiteralsDisabledByDefault/1" value_param="true" file="../../sql/database_unittest.cc" line="1844" status="run" result="completed" time="0.026" timestamp="2025-01-31T16:28:31.246" classname="JournalMode/SQLDatabaseTest" />
    <testcase name="ForeignKeyEnforcementDisabledByDefault/0" value_param="false" file="../../sql/database_unittest.cc" line="1881" status="run" result="completed" time="0.049" timestamp="2025-01-31T16:28:31.272" classname="JournalMode/SQLDatabaseTest" />
    <testcase name="ForeignKeyEnforcementDisabledByDefault/1" value_param="true" file="../../sql/database_unittest.cc" line="1881" status="run" result="completed" time="0.026" timestamp="2025-01-31T16:28:31.322" classname="JournalMode/SQLDatabaseTest" />
    <testcase name="TriggersDisabledByDefault/0" value_param="false" file="../../sql/database_unittest.cc" line="1897" status="run" result="completed" time="0.039" timestamp="2025-01-31T16:28:31.349" classname="JournalMode/SQLDatabaseTest" />
    <testcase name="TriggersDisabledByDefault/1" value_param="true" file="../../sql/database_unittest.cc" line="1897" status="run" result="completed" time="0.024" timestamp="2025-01-31T16:28:31.388" classname="JournalMode/SQLDatabaseTest" />
    <testcase name="LockingModeNormal/0" value_param="false" file="../../sql/database_unittest.cc" line="2020" status="run" result="completed" time="0.003" timestamp="2025-01-31T16:28:31.413" classname="JournalMode/SQLDatabaseTest" />
    <testcase name="LockingModeNormal/1" value_param="true" file="../../sql/database_unittest.cc" line="2020" status="run" result="completed" time="0.01" timestamp="2025-01-31T16:28:31.417" classname="JournalMode/SQLDatabaseTest" />
    <testcase name="OpenedInCorrectMode/0" value_param="false" file="../../sql/database_unittest.cc" line="2024" status="run" result="completed" time="0.003" timestamp="2025-01-31T16:28:31.428" classname="JournalMode/SQLDatabaseTest" />
    <testcase name="OpenedInCorrectMode/1" value_param="true" file="../../sql/database_unittest.cc" line="2024" status="run" result="completed" time="0.013" timestamp="2025-01-31T16:28:31.432" classname="JournalMode/SQLDatabaseTest" />
    <testcase name="CheckpointDatabase/0" value_param="false" file="../../sql/database_unittest.cc" line="2029" status="run" result="completed" time="0.005" timestamp="2025-01-31T16:28:31.446" classname="JournalMode/SQLDatabaseTest" />
    <testcase name="CheckpointDatabase/1" value_param="true" file="../../sql/database_unittest.cc" line="2029" status="run" result="completed" time="0.027" timestamp="2025-01-31T16:28:31.452" classname="JournalMode/SQLDatabaseTest" />
    <testcase name="OpenFailsAfterCorruptSizeInHeader/0" value_param="false" file="../../sql/database_unittest.cc" line="2065" status="run" result="completed" time="0.017" timestamp="2025-01-31T16:28:31.480" classname="JournalMode/SQLDatabaseTest" />
    <testcase name="OpenFailsAfterCorruptSizeInHeader/1" value_param="true" file="../../sql/database_unittest.cc" line="2065" status="run" result="completed" time="0.03" timestamp="2025-01-31T16:28:31.497" classname="JournalMode/SQLDatabaseTest" />
    <testcase name="ExecuteFailsAfterCorruptSizeInHeader/0" value_param="false" file="../../sql/database_unittest.cc" line="2080" status="run" result="completed" time="0.015" timestamp="2025-01-31T16:28:31.527" classname="JournalMode/SQLDatabaseTest" />
    <testcase name="ExecuteFailsAfterCorruptSizeInHeader/1" value_param="true" file="../../sql/database_unittest.cc" line="2080" status="run" result="completed" time="0.037" timestamp="2025-01-31T16:28:31.543" classname="JournalMode/SQLDatabaseTest" />
    <testcase name="SchemaFailsAfterCorruptSizeInHeader/0" value_param="false" file="../../sql/database_unittest.cc" line="2105" status="run" result="completed" time="0.017" timestamp="2025-01-31T16:28:31.582" classname="JournalMode/SQLDatabaseTest" />
    <testcase name="SchemaFailsAfterCorruptSizeInHeader/1" value_param="true" file="../../sql/database_unittest.cc" line="2105" status="run" result="completed" time="0.031" timestamp="2025-01-31T16:28:31.600" classname="JournalMode/SQLDatabaseTest" />
  </testsuite>
  <testsuite name="JournalMode/SQLDatabaseTestExclusiveMode" tests="2" failures="0" disabled="0" skipped="0" errors="0" time="0.014" timestamp="2025-01-31T16:28:31.632">
    <testcase name="LockingModeExclusive/0" value_param="false" file="../../sql/database_unittest.cc" line="2016" status="run" result="completed" time="0.003" timestamp="2025-01-31T16:28:31.632" classname="JournalMode/SQLDatabaseTestExclusiveMode" />
    <testcase name="LockingModeExclusive/1" value_param="true" file="../../sql/database_unittest.cc" line="2016" status="run" result="completed" time="0.01" timestamp="2025-01-31T16:28:31.636" classname="JournalMode/SQLDatabaseTestExclusiveMode" />
  </testsuite>
  <testsuite name="All/RecoverModuleColumnTypeMappingTest" tests="24" failures="0" disabled="0" skipped="0" errors="0" time="0.433" timestamp="2025-01-31T16:28:31.648">
    <testcase name="Unqualified/0" value_param="(0xc109ca56 pointing to &quot;TEXT&quot;, 0xc109ca56 pointing to &quot;TEXT&quot;, false)" file="../../sql/recover_module/module_unittest.cc" line="258" status="run" result="completed" time="0.017" timestamp="2025-01-31T16:28:31.648" classname="All/RecoverModuleColumnTypeMappingTest" />
    <testcase name="Unqualified/1" value_param="(0xc109d8d9 pointing to &quot;INTEGER&quot;, 0xc109d8d9 pointing to &quot;INTEGER&quot;, false)" file="../../sql/recover_module/module_unittest.cc" line="258" status="run" result="completed" time="0.014" timestamp="2025-01-31T16:28:31.665" classname="All/RecoverModuleColumnTypeMappingTest" />
    <testcase name="Unqualified/2" value_param="(0xc109cf48 pointing to &quot;FLOAT&quot;, 0xc109cf48 pointing to &quot;FLOAT&quot;, false)" file="../../sql/recover_module/module_unittest.cc" line="258" status="run" result="completed" time="0.014" timestamp="2025-01-31T16:28:31.680" classname="All/RecoverModuleColumnTypeMappingTest" />
    <testcase name="Unqualified/3" value_param="(0xc109f756 pointing to &quot;BLOB&quot;, 0xc109f756 pointing to &quot;BLOB&quot;, false)" file="../../sql/recover_module/module_unittest.cc" line="258" status="run" result="completed" time="0.017" timestamp="2025-01-31T16:28:31.695" classname="All/RecoverModuleColumnTypeMappingTest" />
    <testcase name="Unqualified/4" value_param="(0xc109f673 pointing to &quot;NUMERIC&quot;, 0xc109f673 pointing to &quot;NUMERIC&quot;, false)" file="../../sql/recover_module/module_unittest.cc" line="258" status="run" result="completed" time="0.017" timestamp="2025-01-31T16:28:31.713" classname="All/RecoverModuleColumnTypeMappingTest" />
    <testcase name="Unqualified/5" value_param="(0xc109f316 pointing to &quot;ROWID&quot;, 0xc109d8d9 pointing to &quot;INTEGER&quot;, true)" file="../../sql/recover_module/module_unittest.cc" line="258" status="run" result="completed" time="0.019" timestamp="2025-01-31T16:28:31.731" classname="All/RecoverModuleColumnTypeMappingTest" />
    <testcase name="NotNull/0" value_param="(0xc109ca56 pointing to &quot;TEXT&quot;, 0xc109ca56 pointing to &quot;TEXT&quot;, false)" file="../../sql/recover_module/module_unittest.cc" line="268" status="run" result="completed" time="0.021" timestamp="2025-01-31T16:28:31.751" classname="All/RecoverModuleColumnTypeMappingTest" />
    <testcase name="NotNull/1" value_param="(0xc109d8d9 pointing to &quot;INTEGER&quot;, 0xc109d8d9 pointing to &quot;INTEGER&quot;, false)" file="../../sql/recover_module/module_unittest.cc" line="268" status="run" result="completed" time="0.017" timestamp="2025-01-31T16:28:31.772" classname="All/RecoverModuleColumnTypeMappingTest" />
    <testcase name="NotNull/2" value_param="(0xc109cf48 pointing to &quot;FLOAT&quot;, 0xc109cf48 pointing to &quot;FLOAT&quot;, false)" file="../../sql/recover_module/module_unittest.cc" line="268" status="run" result="completed" time="0.016" timestamp="2025-01-31T16:28:31.790" classname="All/RecoverModuleColumnTypeMappingTest" />
    <testcase name="NotNull/3" value_param="(0xc109f756 pointing to &quot;BLOB&quot;, 0xc109f756 pointing to &quot;BLOB&quot;, false)" file="../../sql/recover_module/module_unittest.cc" line="268" status="run" result="completed" time="0.016" timestamp="2025-01-31T16:28:31.807" classname="All/RecoverModuleColumnTypeMappingTest" />
    <testcase name="NotNull/4" value_param="(0xc109f673 pointing to &quot;NUMERIC&quot;, 0xc109f673 pointing to &quot;NUMERIC&quot;, false)" file="../../sql/recover_module/module_unittest.cc" line="268" status="run" result="completed" time="0.016" timestamp="2025-01-31T16:28:31.824" classname="All/RecoverModuleColumnTypeMappingTest" />
    <testcase name="NotNull/5" value_param="(0xc109f316 pointing to &quot;ROWID&quot;, 0xc109d8d9 pointing to &quot;INTEGER&quot;, true)" file="../../sql/recover_module/module_unittest.cc" line="268" status="run" result="completed" time="0.018" timestamp="2025-01-31T16:28:31.840" classname="All/RecoverModuleColumnTypeMappingTest" />
    <testcase name="Strict/0" value_param="(0xc109ca56 pointing to &quot;TEXT&quot;, 0xc109ca56 pointing to &quot;TEXT&quot;, false)" file="../../sql/recover_module/module_unittest.cc" line="278" status="run" result="completed" time="0.02" timestamp="2025-01-31T16:28:31.859" classname="All/RecoverModuleColumnTypeMappingTest" />
    <testcase name="Strict/1" value_param="(0xc109d8d9 pointing to &quot;INTEGER&quot;, 0xc109d8d9 pointing to &quot;INTEGER&quot;, false)" file="../../sql/recover_module/module_unittest.cc" line="278" status="run" result="completed" time="0.018" timestamp="2025-01-31T16:28:31.880" classname="All/RecoverModuleColumnTypeMappingTest" />
    <testcase name="Strict/2" value_param="(0xc109cf48 pointing to &quot;FLOAT&quot;, 0xc109cf48 pointing to &quot;FLOAT&quot;, false)" file="../../sql/recover_module/module_unittest.cc" line="278" status="run" result="completed" time="0.016" timestamp="2025-01-31T16:28:31.898" classname="All/RecoverModuleColumnTypeMappingTest" />
    <testcase name="Strict/3" value_param="(0xc109f756 pointing to &quot;BLOB&quot;, 0xc109f756 pointing to &quot;BLOB&quot;, false)" file="../../sql/recover_module/module_unittest.cc" line="278" status="run" result="completed" time="0.015" timestamp="2025-01-31T16:28:31.915" classname="All/RecoverModuleColumnTypeMappingTest" />
    <testcase name="Strict/4" value_param="(0xc109f673 pointing to &quot;NUMERIC&quot;, 0xc109f673 pointing to &quot;NUMERIC&quot;, false)" file="../../sql/recover_module/module_unittest.cc" line="278" status="run" result="completed" time="0.015" timestamp="2025-01-31T16:28:31.930" classname="All/RecoverModuleColumnTypeMappingTest" />
    <testcase name="Strict/5" value_param="(0xc109f316 pointing to &quot;ROWID&quot;, 0xc109d8d9 pointing to &quot;INTEGER&quot;, true)" file="../../sql/recover_module/module_unittest.cc" line="278" status="run" result="completed" time="0.015" timestamp="2025-01-31T16:28:31.946" classname="All/RecoverModuleColumnTypeMappingTest" />
    <testcase name="StrictNotNull/0" value_param="(0xc109ca56 pointing to &quot;TEXT&quot;, 0xc109ca56 pointing to &quot;TEXT&quot;, false)" file="../../sql/recover_module/module_unittest.cc" line="288" status="run" result="completed" time="0.017" timestamp="2025-01-31T16:28:31.962" classname="All/RecoverModuleColumnTypeMappingTest" />
    <testcase name="StrictNotNull/1" value_param="(0xc109d8d9 pointing to &quot;INTEGER&quot;, 0xc109d8d9 pointing to &quot;INTEGER&quot;, false)" file="../../sql/recover_module/module_unittest.cc" line="288" status="run" result="completed" time="0.015" timestamp="2025-01-31T16:28:31.979" classname="All/RecoverModuleColumnTypeMappingTest" />
    <testcase name="StrictNotNull/2" value_param="(0xc109cf48 pointing to &quot;FLOAT&quot;, 0xc109cf48 pointing to &quot;FLOAT&quot;, false)" file="../../sql/recover_module/module_unittest.cc" line="288" status="run" result="completed" time="0.015" timestamp="2025-01-31T16:28:31.995" classname="All/RecoverModuleColumnTypeMappingTest" />
    <testcase name="StrictNotNull/3" value_param="(0xc109f756 pointing to &quot;BLOB&quot;, 0xc109f756 pointing to &quot;BLOB&quot;, false)" file="../../sql/recover_module/module_unittest.cc" line="288" status="run" result="completed" time="0.036" timestamp="2025-01-31T16:28:32.011" classname="All/RecoverModuleColumnTypeMappingTest" />
    <testcase name="StrictNotNull/4" value_param="(0xc109f673 pointing to &quot;NUMERIC&quot;, 0xc109f673 pointing to &quot;NUMERIC&quot;, false)" file="../../sql/recover_module/module_unittest.cc" line="288" status="run" result="completed" time="0.015" timestamp="2025-01-31T16:28:32.048" classname="All/RecoverModuleColumnTypeMappingTest" />
    <testcase name="StrictNotNull/5" value_param="(0xc109f316 pointing to &quot;ROWID&quot;, 0xc109d8d9 pointing to &quot;INTEGER&quot;, true)" file="../../sql/recover_module/module_unittest.cc" line="288" status="run" result="completed" time="0.017" timestamp="2025-01-31T16:28:32.064" classname="All/RecoverModuleColumnTypeMappingTest" />
  </testsuite>
</testsuites>
