<?xml version="1.0" encoding="UTF-8"?>
<testsuites tests="5" failures="0" disabled="0" errors="0" time="19.478" timestamp="2025-01-31T16:28:14.355" name="AllTests">
  <testsuite name="URLParse" tests="5" failures="0" disabled="0" skipped="0" errors="0" time="19.477" timestamp="2025-01-31T16:28:14.356">
    <testcase name="FullURL" file="../../url/url_parse_perftest.cc" line="15" status="run" result="completed" time="0.427" timestamp="2025-01-31T16:28:14.357" classname="URLParse" />
    <testcase name="TypicalURLParse" file="../../url/url_parse_perftest.cc" line="40" status="run" result="completed" time="0.809" timestamp="2025-01-31T16:28:14.785" classname="URLParse" />
    <testcase name="TypicalURLParseCanon" file="../../url/url_parse_perftest.cc" line="56" status="run" result="completed" time="3.416" timestamp="2025-01-31T16:28:15.595" classname="URLParse" />
    <testcase name="TypicalURLParseCanonStdString" file="../../url/url_parse_perftest.cc" line="90" status="run" result="completed" time="7.744" timestamp="2025-01-31T16:28:19.012" classname="URLParse" />
    <testcase name="GURL" file="../../url/url_parse_perftest.cc" line="125" status="run" result="completed" time="7.077" timestamp="2025-01-31T16:28:26.756" classname="URLParse" />
  </testsuite>
</testsuites>
